{"F:\\Adri PC\\GitHub\\Task-list\\src\\Ordenamiento\\OrdenarPorFecha.ts": {"path":"F:\\Adri PC\\GitHub\\Task-list\\src\\Ordenamiento\\OrdenarPorFecha.ts","all":false,"statementMap":{"0":{"start":{"line":1,"column":0},"end":{"line":1,"column":34}},"1":{"start":{"line":2,"column":0},"end":{"line":2,"column":51}},"2":{"start":{"line":3,"column":0},"end":{"line":3,"column":0}},"3":{"start":{"line":4,"column":0},"end":{"line":4,"column":56}},"4":{"start":{"line":5,"column":0},"end":{"line":5,"column":0}},"5":{"start":{"line":6,"column":0},"end":{"line":6,"column":57}},"6":{"start":{"line":7,"column":0},"end":{"line":7,"column":7}},"7":{"start":{"line":8,"column":0},"end":{"line":8,"column":31}},"8":{"start":{"line":9,"column":0},"end":{"line":9,"column":0}},"9":{"start":{"line":10,"column":0},"end":{"line":10,"column":52}},"10":{"start":{"line":11,"column":0},"end":{"line":11,"column":30}},"11":{"start":{"line":12,"column":0},"end":{"line":12,"column":11}},"12":{"start":{"line":13,"column":0},"end":{"line":13,"column":0}},"13":{"start":{"line":14,"column":0},"end":{"line":14,"column":36}},"14":{"start":{"line":15,"column":0},"end":{"line":15,"column":21}},"15":{"start":{"line":16,"column":0},"end":{"line":16,"column":3}},"16":{"start":{"line":17,"column":0},"end":{"line":17,"column":5}},"17":{"start":{"line":18,"column":0},"end":{"line":18,"column":3}},"18":{"start":{"line":19,"column":0},"end":{"line":19,"column":0}},"19":{"start":{"line":20,"column":0},"end":{"line":20,"column":54}},"20":{"start":{"line":21,"column":0},"end":{"line":21,"column":48}},"21":{"start":{"line":22,"column":0},"end":{"line":22,"column":48}},"22":{"start":{"line":23,"column":0},"end":{"line":23,"column":34}},"23":{"start":{"line":24,"column":0},"end":{"line":24,"column":4}},"24":{"start":{"line":25,"column":0},"end":{"line":25,"column":107}},"25":{"start":{"line":26,"column":0},"end":{"line":26,"column":43}},"26":{"start":{"line":27,"column":0},"end":{"line":27,"column":22}},"27":{"start":{"line":28,"column":0},"end":{"line":28,"column":46}},"28":{"start":{"line":29,"column":0},"end":{"line":29,"column":43}},"29":{"start":{"line":30,"column":0},"end":{"line":30,"column":29}},"30":{"start":{"line":31,"column":0},"end":{"line":31,"column":46}},"31":{"start":{"line":32,"column":0},"end":{"line":32,"column":43}},"32":{"start":{"line":33,"column":0},"end":{"line":33,"column":57}},"33":{"start":{"line":34,"column":0},"end":{"line":34,"column":45}},"34":{"start":{"line":35,"column":0},"end":{"line":35,"column":44}},"35":{"start":{"line":36,"column":0},"end":{"line":36,"column":57}},"36":{"start":{"line":37,"column":0},"end":{"line":37,"column":43}},"37":{"start":{"line":38,"column":0},"end":{"line":38,"column":9}},"38":{"start":{"line":39,"column":0},"end":{"line":39,"column":4}},"39":{"start":{"line":40,"column":0},"end":{"line":40,"column":43}},"40":{"start":{"line":41,"column":0},"end":{"line":41,"column":5}},"41":{"start":{"line":42,"column":0},"end":{"line":42,"column":1}}},"s":{"0":1,"1":1,"2":1,"3":1,"4":1,"5":1,"6":2,"7":2,"8":2,"9":2,"10":4,"11":2,"12":2,"13":2,"14":2,"15":2,"16":2,"17":1,"18":1,"19":1,"20":5,"21":5,"22":5,"23":5,"24":5,"25":5,"26":5,"27":1,"28":1,"29":5,"30":2,"31":2,"32":2,"33":1,"34":1,"35":1,"36":1,"37":1,"38":5,"39":5,"40":5,"41":1},"branchMap":{"0":{"type":"branch","line":6,"loc":{"start":{"line":6,"column":11},"end":{"line":17,"column":5}},"locations":[{"start":{"line":6,"column":11},"end":{"line":17,"column":5}}]},"1":{"type":"branch","line":10,"loc":{"start":{"line":10,"column":23},"end":{"line":12,"column":9}},"locations":[{"start":{"line":10,"column":23},"end":{"line":12,"column":9}}]},"2":{"type":"branch","line":20,"loc":{"start":{"line":20,"column":12},"end":{"line":41,"column":5}},"locations":[{"start":{"line":20,"column":12},"end":{"line":41,"column":5}}]},"3":{"type":"branch","line":27,"loc":{"start":{"line":27,"column":21},"end":{"line":30,"column":15}},"locations":[{"start":{"line":27,"column":21},"end":{"line":30,"column":15}}]},"4":{"type":"branch","line":30,"loc":{"start":{"line":30,"column":9},"end":{"line":38,"column":9}},"locations":[{"start":{"line":30,"column":9},"end":{"line":38,"column":9}}]},"5":{"type":"branch","line":30,"loc":{"start":{"line":30,"column":28},"end":{"line":38,"column":9}},"locations":[{"start":{"line":30,"column":28},"end":{"line":38,"column":9}}]},"6":{"type":"branch","line":33,"loc":{"start":{"line":33,"column":56},"end":{"line":38,"column":9}},"locations":[{"start":{"line":33,"column":56},"end":{"line":38,"column":9}}]}},"b":{"0":[2],"1":[4],"2":[5],"3":[1],"4":[4],"5":[2],"6":[1]},"fnMap":{"0":{"name":"ordenar","decl":{"start":{"line":6,"column":11},"end":{"line":17,"column":5}},"loc":{"start":{"line":6,"column":11},"end":{"line":17,"column":5}},"line":6},"1":{"name":"comparador","decl":{"start":{"line":20,"column":12},"end":{"line":41,"column":5}},"loc":{"start":{"line":20,"column":12},"end":{"line":41,"column":5}},"line":20}},"f":{"0":2,"1":5}}
,"F:\\Adri PC\\GitHub\\Task-list\\src\\Ordenamiento\\OrdenarPorPrioridad.ts": {"path":"F:\\Adri PC\\GitHub\\Task-list\\src\\Ordenamiento\\OrdenarPorPrioridad.ts","all":false,"statementMap":{"0":{"start":{"line":1,"column":0},"end":{"line":1,"column":70}},"1":{"start":{"line":2,"column":0},"end":{"line":2,"column":34}},"2":{"start":{"line":3,"column":0},"end":{"line":3,"column":51}},"3":{"start":{"line":4,"column":0},"end":{"line":4,"column":0}},"4":{"start":{"line":5,"column":0},"end":{"line":5,"column":60}},"5":{"start":{"line":6,"column":0},"end":{"line":6,"column":0}},"6":{"start":{"line":7,"column":0},"end":{"line":7,"column":57}},"7":{"start":{"line":8,"column":0},"end":{"line":8,"column":7}},"8":{"start":{"line":9,"column":0},"end":{"line":9,"column":31}},"9":{"start":{"line":10,"column":0},"end":{"line":10,"column":0}},"10":{"start":{"line":11,"column":0},"end":{"line":11,"column":52}},"11":{"start":{"line":12,"column":0},"end":{"line":12,"column":30}},"12":{"start":{"line":13,"column":0},"end":{"line":13,"column":11}},"13":{"start":{"line":14,"column":0},"end":{"line":14,"column":0}},"14":{"start":{"line":15,"column":0},"end":{"line":15,"column":47}},"15":{"start":{"line":16,"column":0},"end":{"line":16,"column":21}},"16":{"start":{"line":17,"column":0},"end":{"line":17,"column":3}},"17":{"start":{"line":18,"column":0},"end":{"line":18,"column":5}},"18":{"start":{"line":19,"column":0},"end":{"line":19,"column":0}},"19":{"start":{"line":20,"column":0},"end":{"line":20,"column":11}},"20":{"start":{"line":21,"column":0},"end":{"line":21,"column":51}},"21":{"start":{"line":22,"column":0},"end":{"line":22,"column":61}},"22":{"start":{"line":23,"column":0},"end":{"line":23,"column":8}},"23":{"start":{"line":24,"column":0},"end":{"line":24,"column":29}},"24":{"start":{"line":25,"column":0},"end":{"line":25,"column":0}},"25":{"start":{"line":26,"column":0},"end":{"line":26,"column":0}},"26":{"start":{"line":27,"column":0},"end":{"line":27,"column":50}},"27":{"start":{"line":28,"column":0},"end":{"line":28,"column":21}},"28":{"start":{"line":29,"column":0},"end":{"line":29,"column":56}},"29":{"start":{"line":30,"column":0},"end":{"line":30,"column":20}},"30":{"start":{"line":31,"column":0},"end":{"line":31,"column":9}},"31":{"start":{"line":32,"column":0},"end":{"line":32,"column":21}},"32":{"start":{"line":33,"column":0},"end":{"line":33,"column":0}},"33":{"start":{"line":34,"column":0},"end":{"line":34,"column":5}},"34":{"start":{"line":35,"column":0},"end":{"line":35,"column":0}},"35":{"start":{"line":36,"column":0},"end":{"line":36,"column":0}},"36":{"start":{"line":37,"column":0},"end":{"line":37,"column":4}},"37":{"start":{"line":38,"column":0},"end":{"line":38,"column":1}}},"s":{"0":1,"1":1,"2":1,"3":1,"4":1,"5":1,"6":1,"7":2,"8":2,"9":2,"10":2,"11":4,"12":2,"13":2,"14":2,"15":2,"16":2,"17":2,"18":1,"19":1,"20":1,"21":1,"22":6,"23":6,"24":6,"25":6,"26":6,"27":4,"28":6,"29":1,"30":1,"31":6,"32":6,"33":6,"34":1,"35":1,"36":1,"37":1},"branchMap":{"0":{"type":"branch","line":7,"loc":{"start":{"line":7,"column":11},"end":{"line":18,"column":5}},"locations":[{"start":{"line":7,"column":11},"end":{"line":18,"column":5}}]},"1":{"type":"branch","line":11,"loc":{"start":{"line":11,"column":23},"end":{"line":13,"column":9}},"locations":[{"start":{"line":11,"column":23},"end":{"line":13,"column":9}}]},"2":{"type":"branch","line":22,"loc":{"start":{"line":22,"column":12},"end":{"line":34,"column":5}},"locations":[{"start":{"line":22,"column":12},"end":{"line":34,"column":5}}]},"3":{"type":"branch","line":27,"loc":{"start":{"line":27,"column":49},"end":{"line":29,"column":14}},"locations":[{"start":{"line":27,"column":49},"end":{"line":29,"column":14}}]},"4":{"type":"branch","line":29,"loc":{"start":{"line":29,"column":9},"end":{"line":31,"column":9}},"locations":[{"start":{"line":29,"column":9},"end":{"line":31,"column":9}}]},"5":{"type":"branch","line":29,"loc":{"start":{"line":29,"column":55},"end":{"line":31,"column":9}},"locations":[{"start":{"line":29,"column":55},"end":{"line":31,"column":9}}]}},"b":{"0":[2],"1":[4],"2":[6],"3":[4],"4":[2],"5":[1]},"fnMap":{"0":{"name":"ordenar","decl":{"start":{"line":7,"column":11},"end":{"line":18,"column":5}},"loc":{"start":{"line":7,"column":11},"end":{"line":18,"column":5}},"line":7},"1":{"name":"comparadorDescendente","decl":{"start":{"line":22,"column":12},"end":{"line":34,"column":5}},"loc":{"start":{"line":22,"column":12},"end":{"line":34,"column":5}},"line":22}},"f":{"0":2,"1":6}}
,"F:\\Adri PC\\GitHub\\Task-list\\src\\Ordenamiento\\OrdenarPorTitulo.ts": {"path":"F:\\Adri PC\\GitHub\\Task-list\\src\\Ordenamiento\\OrdenarPorTitulo.ts","all":false,"statementMap":{"0":{"start":{"line":1,"column":0},"end":{"line":1,"column":34}},"1":{"start":{"line":2,"column":0},"end":{"line":2,"column":51}},"2":{"start":{"line":3,"column":0},"end":{"line":3,"column":0}},"3":{"start":{"line":4,"column":0},"end":{"line":4,"column":57}},"4":{"start":{"line":5,"column":0},"end":{"line":5,"column":0}},"5":{"start":{"line":6,"column":0},"end":{"line":6,"column":57}},"6":{"start":{"line":7,"column":0},"end":{"line":7,"column":7}},"7":{"start":{"line":8,"column":0},"end":{"line":8,"column":31}},"8":{"start":{"line":9,"column":0},"end":{"line":9,"column":0}},"9":{"start":{"line":10,"column":0},"end":{"line":10,"column":52}},"10":{"start":{"line":11,"column":0},"end":{"line":11,"column":30}},"11":{"start":{"line":12,"column":0},"end":{"line":12,"column":11}},"12":{"start":{"line":13,"column":0},"end":{"line":13,"column":0}},"13":{"start":{"line":14,"column":0},"end":{"line":14,"column":36}},"14":{"start":{"line":15,"column":0},"end":{"line":15,"column":21}},"15":{"start":{"line":16,"column":0},"end":{"line":16,"column":3}},"16":{"start":{"line":17,"column":0},"end":{"line":17,"column":5}},"17":{"start":{"line":18,"column":0},"end":{"line":18,"column":0}},"18":{"start":{"line":19,"column":0},"end":{"line":19,"column":50}},"19":{"start":{"line":20,"column":0},"end":{"line":20,"column":29}},"20":{"start":{"line":21,"column":0},"end":{"line":21,"column":0}},"21":{"start":{"line":22,"column":0},"end":{"line":22,"column":0}},"22":{"start":{"line":23,"column":0},"end":{"line":23,"column":44}},"23":{"start":{"line":24,"column":0},"end":{"line":24,"column":21}},"24":{"start":{"line":25,"column":0},"end":{"line":25,"column":50}},"25":{"start":{"line":26,"column":0},"end":{"line":26,"column":20}},"26":{"start":{"line":27,"column":0},"end":{"line":27,"column":9}},"27":{"start":{"line":28,"column":0},"end":{"line":28,"column":21}},"28":{"start":{"line":29,"column":0},"end":{"line":29,"column":5}},"29":{"start":{"line":30,"column":0},"end":{"line":30,"column":0}},"30":{"start":{"line":31,"column":0},"end":{"line":31,"column":1}}},"s":{"0":1,"1":1,"2":1,"3":1,"4":1,"5":1,"6":2,"7":2,"8":2,"9":2,"10":4,"11":2,"12":2,"13":2,"14":2,"15":2,"16":2,"17":1,"18":1,"19":6,"20":6,"21":6,"22":6,"23":4,"24":6,"25":2,"26":2,"27":6,"28":6,"29":1,"30":1},"branchMap":{"0":{"type":"branch","line":6,"loc":{"start":{"line":6,"column":11},"end":{"line":17,"column":5}},"locations":[{"start":{"line":6,"column":11},"end":{"line":17,"column":5}}]},"1":{"type":"branch","line":10,"loc":{"start":{"line":10,"column":23},"end":{"line":12,"column":9}},"locations":[{"start":{"line":10,"column":23},"end":{"line":12,"column":9}}]},"2":{"type":"branch","line":19,"loc":{"start":{"line":19,"column":12},"end":{"line":29,"column":5}},"locations":[{"start":{"line":19,"column":12},"end":{"line":29,"column":5}}]},"3":{"type":"branch","line":23,"loc":{"start":{"line":23,"column":43},"end":{"line":25,"column":14}},"locations":[{"start":{"line":23,"column":43},"end":{"line":25,"column":14}}]},"4":{"type":"branch","line":25,"loc":{"start":{"line":25,"column":9},"end":{"line":27,"column":9}},"locations":[{"start":{"line":25,"column":9},"end":{"line":27,"column":9}}]}},"b":{"0":[2],"1":[4],"2":[6],"3":[4],"4":[2]},"fnMap":{"0":{"name":"ordenar","decl":{"start":{"line":6,"column":11},"end":{"line":17,"column":5}},"loc":{"start":{"line":6,"column":11},"end":{"line":17,"column":5}},"line":6},"1":{"name":"comparador","decl":{"start":{"line":19,"column":12},"end":{"line":29,"column":5}},"loc":{"start":{"line":19,"column":12},"end":{"line":29,"column":5}},"line":19}},"f":{"0":2,"1":6}}
,"F:\\Adri PC\\GitHub\\Task-list\\src\\Tarea\\Tarea.ts": {"path":"F:\\Adri PC\\GitHub\\Task-list\\src\\Tarea\\Tarea.ts","all":false,"statementMap":{"0":{"start":{"line":1,"column":0},"end":{"line":1,"column":57}},"1":{"start":{"line":2,"column":0},"end":{"line":2,"column":63}},"2":{"start":{"line":3,"column":0},"end":{"line":3,"column":63}},"3":{"start":{"line":4,"column":0},"end":{"line":4,"column":0}},"4":{"start":{"line":5,"column":0},"end":{"line":5,"column":28}},"5":{"start":{"line":6,"column":0},"end":{"line":6,"column":3}},"6":{"start":{"line":7,"column":0},"end":{"line":7,"column":23}},"7":{"start":{"line":8,"column":0},"end":{"line":8,"column":27}},"8":{"start":{"line":9,"column":0},"end":{"line":9,"column":32}},"9":{"start":{"line":10,"column":0},"end":{"line":10,"column":37}},"10":{"start":{"line":11,"column":0},"end":{"line":11,"column":38}},"11":{"start":{"line":12,"column":0},"end":{"line":12,"column":32}},"12":{"start":{"line":13,"column":0},"end":{"line":13,"column":32}},"13":{"start":{"line":14,"column":0},"end":{"line":14,"column":47}},"14":{"start":{"line":15,"column":0},"end":{"line":15,"column":4}},"15":{"start":{"line":16,"column":0},"end":{"line":16,"column":0}},"16":{"start":{"line":17,"column":0},"end":{"line":17,"column":141}},"17":{"start":{"line":18,"column":0},"end":{"line":18,"column":21}},"18":{"start":{"line":19,"column":0},"end":{"line":19,"column":29}},"19":{"start":{"line":20,"column":0},"end":{"line":20,"column":30}},"20":{"start":{"line":21,"column":0},"end":{"line":21,"column":34}},"21":{"start":{"line":22,"column":0},"end":{"line":22,"column":45}},"22":{"start":{"line":23,"column":0},"end":{"line":23,"column":28}},"23":{"start":{"line":24,"column":0},"end":{"line":24,"column":44}},"24":{"start":{"line":25,"column":0},"end":{"line":25,"column":66}},"25":{"start":{"line":26,"column":0},"end":{"line":26,"column":8}},"26":{"start":{"line":27,"column":0},"end":{"line":27,"column":5}},"27":{"start":{"line":28,"column":0},"end":{"line":28,"column":0}},"28":{"start":{"line":29,"column":0},"end":{"line":29,"column":0}},"29":{"start":{"line":30,"column":0},"end":{"line":30,"column":0}},"30":{"start":{"line":31,"column":0},"end":{"line":31,"column":0}},"31":{"start":{"line":32,"column":0},"end":{"line":32,"column":14}},"32":{"start":{"line":33,"column":0},"end":{"line":33,"column":28}},"33":{"start":{"line":34,"column":0},"end":{"line":34,"column":23}},"34":{"start":{"line":35,"column":0},"end":{"line":35,"column":5}},"35":{"start":{"line":36,"column":0},"end":{"line":36,"column":4}},"36":{"start":{"line":37,"column":0},"end":{"line":37,"column":32}},"37":{"start":{"line":38,"column":0},"end":{"line":38,"column":27}},"38":{"start":{"line":39,"column":0},"end":{"line":39,"column":5}},"39":{"start":{"line":40,"column":0},"end":{"line":40,"column":0}},"40":{"start":{"line":41,"column":0},"end":{"line":41,"column":37}},"41":{"start":{"line":42,"column":0},"end":{"line":42,"column":32}},"42":{"start":{"line":43,"column":0},"end":{"line":43,"column":5}},"43":{"start":{"line":44,"column":0},"end":{"line":44,"column":0}},"44":{"start":{"line":45,"column":0},"end":{"line":45,"column":42}},"45":{"start":{"line":46,"column":0},"end":{"line":46,"column":37}},"46":{"start":{"line":47,"column":0},"end":{"line":47,"column":5}},"47":{"start":{"line":48,"column":0},"end":{"line":48,"column":0}},"48":{"start":{"line":49,"column":0},"end":{"line":49,"column":43}},"49":{"start":{"line":50,"column":0},"end":{"line":50,"column":30}},"50":{"start":{"line":51,"column":0},"end":{"line":51,"column":5}},"51":{"start":{"line":52,"column":0},"end":{"line":52,"column":0}},"52":{"start":{"line":53,"column":0},"end":{"line":53,"column":36}},"53":{"start":{"line":54,"column":0},"end":{"line":54,"column":30}},"54":{"start":{"line":55,"column":0},"end":{"line":55,"column":5}},"55":{"start":{"line":56,"column":0},"end":{"line":56,"column":0}},"56":{"start":{"line":57,"column":0},"end":{"line":57,"column":41}},"57":{"start":{"line":58,"column":0},"end":{"line":58,"column":27}},"58":{"start":{"line":59,"column":0},"end":{"line":59,"column":5}},"59":{"start":{"line":60,"column":0},"end":{"line":60,"column":0}},"60":{"start":{"line":61,"column":0},"end":{"line":61,"column":49}},"61":{"start":{"line":62,"column":0},"end":{"line":62,"column":37}},"62":{"start":{"line":63,"column":0},"end":{"line":63,"column":5}},"63":{"start":{"line":64,"column":0},"end":{"line":64,"column":0}},"64":{"start":{"line":65,"column":0},"end":{"line":65,"column":14}},"65":{"start":{"line":66,"column":0},"end":{"line":66,"column":44}},"66":{"start":{"line":67,"column":0},"end":{"line":67,"column":29}},"67":{"start":{"line":68,"column":0},"end":{"line":68,"column":5}},"68":{"start":{"line":69,"column":0},"end":{"line":69,"column":0}},"69":{"start":{"line":70,"column":0},"end":{"line":70,"column":54}},"70":{"start":{"line":71,"column":0},"end":{"line":71,"column":39}},"71":{"start":{"line":72,"column":0},"end":{"line":72,"column":5}},"72":{"start":{"line":73,"column":0},"end":{"line":73,"column":0}},"73":{"start":{"line":74,"column":0},"end":{"line":74,"column":64}},"74":{"start":{"line":75,"column":0},"end":{"line":75,"column":49}},"75":{"start":{"line":76,"column":0},"end":{"line":76,"column":5}},"76":{"start":{"line":77,"column":0},"end":{"line":77,"column":0}},"77":{"start":{"line":78,"column":0},"end":{"line":78,"column":58}},"78":{"start":{"line":79,"column":0},"end":{"line":79,"column":35}},"79":{"start":{"line":80,"column":0},"end":{"line":80,"column":5}},"80":{"start":{"line":81,"column":0},"end":{"line":81,"column":0}},"81":{"start":{"line":82,"column":0},"end":{"line":82,"column":0}},"82":{"start":{"line":83,"column":0},"end":{"line":83,"column":54}},"83":{"start":{"line":84,"column":0},"end":{"line":84,"column":29}},"84":{"start":{"line":85,"column":0},"end":{"line":85,"column":5}},"85":{"start":{"line":86,"column":0},"end":{"line":86,"column":0}},"86":{"start":{"line":87,"column":0},"end":{"line":87,"column":62}},"87":{"start":{"line":88,"column":0},"end":{"line":88,"column":49}},"88":{"start":{"line":89,"column":0},"end":{"line":89,"column":5}},"89":{"start":{"line":90,"column":0},"end":{"line":90,"column":0}},"90":{"start":{"line":91,"column":0},"end":{"line":91,"column":96}},"91":{"start":{"line":92,"column":0},"end":{"line":92,"column":63}},"92":{"start":{"line":93,"column":0},"end":{"line":93,"column":127}},"93":{"start":{"line":94,"column":0},"end":{"line":94,"column":43}},"94":{"start":{"line":95,"column":0},"end":{"line":95,"column":66}},"95":{"start":{"line":96,"column":0},"end":{"line":96,"column":8}},"96":{"start":{"line":97,"column":0},"end":{"line":97,"column":8}},"97":{"start":{"line":98,"column":0},"end":{"line":98,"column":52}},"98":{"start":{"line":99,"column":0},"end":{"line":99,"column":80}},"99":{"start":{"line":100,"column":0},"end":{"line":100,"column":78}},"100":{"start":{"line":101,"column":0},"end":{"line":101,"column":44}},"101":{"start":{"line":102,"column":0},"end":{"line":102,"column":90}},"102":{"start":{"line":103,"column":0},"end":{"line":103,"column":103}},"103":{"start":{"line":104,"column":0},"end":{"line":104,"column":51}},"104":{"start":{"line":105,"column":0},"end":{"line":105,"column":14}},"105":{"start":{"line":106,"column":0},"end":{"line":106,"column":102}},"106":{"start":{"line":107,"column":0},"end":{"line":107,"column":53}},"107":{"start":{"line":108,"column":0},"end":{"line":108,"column":76}},"108":{"start":{"line":109,"column":0},"end":{"line":109,"column":55}},"109":{"start":{"line":110,"column":0},"end":{"line":110,"column":17}},"110":{"start":{"line":111,"column":0},"end":{"line":111,"column":13}},"111":{"start":{"line":112,"column":0},"end":{"line":112,"column":0}},"112":{"start":{"line":113,"column":0},"end":{"line":113,"column":9}},"113":{"start":{"line":114,"column":0},"end":{"line":114,"column":7}},"114":{"start":{"line":115,"column":0},"end":{"line":115,"column":5}},"115":{"start":{"line":116,"column":0},"end":{"line":116,"column":0}},"116":{"start":{"line":117,"column":0},"end":{"line":117,"column":0}},"117":{"start":{"line":118,"column":0},"end":{"line":118,"column":20}},"118":{"start":{"line":119,"column":0},"end":{"line":119,"column":0}},"119":{"start":{"line":120,"column":0},"end":{"line":120,"column":46}},"120":{"start":{"line":121,"column":0},"end":{"line":121,"column":101}},"121":{"start":{"line":122,"column":0},"end":{"line":122,"column":54}},"122":{"start":{"line":123,"column":0},"end":{"line":123,"column":51}},"123":{"start":{"line":124,"column":0},"end":{"line":124,"column":56}},"124":{"start":{"line":125,"column":0},"end":{"line":125,"column":74}},"125":{"start":{"line":126,"column":0},"end":{"line":126,"column":28}},"126":{"start":{"line":127,"column":0},"end":{"line":127,"column":13}},"127":{"start":{"line":128,"column":0},"end":{"line":128,"column":0}},"128":{"start":{"line":129,"column":0},"end":{"line":129,"column":9}},"129":{"start":{"line":130,"column":0},"end":{"line":130,"column":21}},"130":{"start":{"line":131,"column":0},"end":{"line":131,"column":0}},"131":{"start":{"line":132,"column":0},"end":{"line":132,"column":5}},"132":{"start":{"line":133,"column":0},"end":{"line":133,"column":0}},"133":{"start":{"line":134,"column":0},"end":{"line":134,"column":35}},"134":{"start":{"line":135,"column":0},"end":{"line":135,"column":51}},"135":{"start":{"line":136,"column":0},"end":{"line":136,"column":49}},"136":{"start":{"line":137,"column":0},"end":{"line":137,"column":42}},"137":{"start":{"line":138,"column":0},"end":{"line":138,"column":9}},"138":{"start":{"line":139,"column":0},"end":{"line":139,"column":5}},"139":{"start":{"line":140,"column":0},"end":{"line":140,"column":0}},"140":{"start":{"line":141,"column":0},"end":{"line":141,"column":63}},"141":{"start":{"line":142,"column":0},"end":{"line":142,"column":92}},"142":{"start":{"line":143,"column":0},"end":{"line":143,"column":91}},"143":{"start":{"line":144,"column":0},"end":{"line":144,"column":102}},"144":{"start":{"line":145,"column":0},"end":{"line":145,"column":53}},"145":{"start":{"line":146,"column":0},"end":{"line":146,"column":82}},"146":{"start":{"line":147,"column":0},"end":{"line":147,"column":124}},"147":{"start":{"line":148,"column":0},"end":{"line":148,"column":5}},"148":{"start":{"line":149,"column":0},"end":{"line":149,"column":0}},"149":{"start":{"line":150,"column":0},"end":{"line":150,"column":66}},"150":{"start":{"line":151,"column":0},"end":{"line":151,"column":102}},"151":{"start":{"line":152,"column":0},"end":{"line":152,"column":57}},"152":{"start":{"line":153,"column":0},"end":{"line":153,"column":93}},"153":{"start":{"line":154,"column":0},"end":{"line":154,"column":7}},"154":{"start":{"line":155,"column":0},"end":{"line":155,"column":0}},"155":{"start":{"line":156,"column":0},"end":{"line":156,"column":0}},"156":{"start":{"line":157,"column":0},"end":{"line":157,"column":0}},"157":{"start":{"line":158,"column":0},"end":{"line":158,"column":38}},"158":{"start":{"line":159,"column":0},"end":{"line":159,"column":0}},"159":{"start":{"line":160,"column":0},"end":{"line":160,"column":62}},"160":{"start":{"line":161,"column":0},"end":{"line":161,"column":47}},"161":{"start":{"line":162,"column":0},"end":{"line":162,"column":52}},"162":{"start":{"line":163,"column":0},"end":{"line":163,"column":45}},"163":{"start":{"line":164,"column":0},"end":{"line":164,"column":43}},"164":{"start":{"line":165,"column":0},"end":{"line":165,"column":94}},"165":{"start":{"line":166,"column":0},"end":{"line":166,"column":159}},"166":{"start":{"line":167,"column":0},"end":{"line":167,"column":9}},"167":{"start":{"line":168,"column":0},"end":{"line":168,"column":0}},"168":{"start":{"line":169,"column":0},"end":{"line":169,"column":5}},"169":{"start":{"line":170,"column":0},"end":{"line":170,"column":0}},"170":{"start":{"line":171,"column":0},"end":{"line":171,"column":0}},"171":{"start":{"line":172,"column":0},"end":{"line":172,"column":43}},"172":{"start":{"line":173,"column":0},"end":{"line":173,"column":44}},"173":{"start":{"line":174,"column":0},"end":{"line":174,"column":8}},"174":{"start":{"line":175,"column":0},"end":{"line":175,"column":39}},"175":{"start":{"line":176,"column":0},"end":{"line":176,"column":47}},"176":{"start":{"line":177,"column":0},"end":{"line":177,"column":0}},"177":{"start":{"line":178,"column":0},"end":{"line":178,"column":107}},"178":{"start":{"line":179,"column":0},"end":{"line":179,"column":46}},"179":{"start":{"line":180,"column":0},"end":{"line":180,"column":10}},"180":{"start":{"line":181,"column":0},"end":{"line":181,"column":13}},"181":{"start":{"line":182,"column":0},"end":{"line":182,"column":12}},"182":{"start":{"line":183,"column":0},"end":{"line":183,"column":5}},"183":{"start":{"line":184,"column":0},"end":{"line":184,"column":0}},"184":{"start":{"line":185,"column":0},"end":{"line":185,"column":0}},"185":{"start":{"line":186,"column":0},"end":{"line":186,"column":0}},"186":{"start":{"line":187,"column":0},"end":{"line":187,"column":63}},"187":{"start":{"line":188,"column":0},"end":{"line":188,"column":65}},"188":{"start":{"line":189,"column":0},"end":{"line":189,"column":90}},"189":{"start":{"line":190,"column":0},"end":{"line":190,"column":47}},"190":{"start":{"line":191,"column":0},"end":{"line":191,"column":71}},"191":{"start":{"line":192,"column":0},"end":{"line":192,"column":104}},"192":{"start":{"line":193,"column":0},"end":{"line":193,"column":4}},"193":{"start":{"line":194,"column":0},"end":{"line":194,"column":27}},"194":{"start":{"line":195,"column":0},"end":{"line":195,"column":46}},"195":{"start":{"line":196,"column":0},"end":{"line":196,"column":38}},"196":{"start":{"line":197,"column":0},"end":{"line":197,"column":56}},"197":{"start":{"line":198,"column":0},"end":{"line":198,"column":67}},"198":{"start":{"line":199,"column":0},"end":{"line":199,"column":58}},"199":{"start":{"line":200,"column":0},"end":{"line":200,"column":52}},"200":{"start":{"line":201,"column":0},"end":{"line":201,"column":52}},"201":{"start":{"line":202,"column":0},"end":{"line":202,"column":54}},"202":{"start":{"line":203,"column":0},"end":{"line":203,"column":0}},"203":{"start":{"line":204,"column":0},"end":{"line":204,"column":7}},"204":{"start":{"line":205,"column":0},"end":{"line":205,"column":0}},"205":{"start":{"line":206,"column":0},"end":{"line":206,"column":0}},"206":{"start":{"line":207,"column":0},"end":{"line":207,"column":0}},"207":{"start":{"line":208,"column":0},"end":{"line":208,"column":1}}},"s":{"0":1,"1":1,"2":1,"3":1,"4":13,"5":13,"6":13,"7":13,"8":13,"9":13,"10":13,"11":13,"12":13,"13":13,"14":13,"15":13,"16":13,"17":13,"18":13,"19":13,"20":13,"21":13,"22":13,"23":13,"24":13,"25":13,"26":13,"27":13,"28":13,"29":13,"30":13,"31":13,"32":13,"33":1,"34":1,"35":13,"36":13,"37":2,"38":2,"39":13,"40":13,"41":2,"42":2,"43":13,"44":13,"45":7,"46":7,"47":13,"48":13,"49":1,"50":1,"51":13,"52":13,"53":15,"54":15,"55":13,"56":13,"57":6,"58":6,"59":13,"60":13,"61":2,"62":2,"63":13,"64":13,"65":13,"66":1,"67":1,"68":13,"69":13,"70":1,"71":1,"72":13,"73":13,"74":5,"75":5,"76":13,"77":13,"78":1,"79":1,"80":13,"81":13,"82":13,"83":1,"84":1,"85":13,"86":13,"87":1,"88":1,"89":13,"90":13,"91":13,"92":13,"93":13,"94":13,"95":5,"96":5,"97":5,"98":1,"99":1,"100":1,"101":5,"102":3,"103":3,"104":4,"105":1,"106":1,"107":2,"108":1,"109":1,"110":2,"111":1,"112":1,"113":5,"114":5,"115":13,"116":13,"117":13,"118":13,"119":13,"120":13,"121":13,"122":13,"123":25,"124":35,"125":4,"126":4,"127":35,"128":35,"129":21,"130":21,"131":21,"132":13,"133":13,"134":13,"135":11,"136":11,"137":11,"138":11,"139":13,"140":13,"141":13,"142":13,"143":13,"144":13,"145":3,"146":3,"147":3,"148":13,"149":13,"150":13,"151":13,"152":13,"153":13,"154":13,"155":13,"156":13,"157":13,"158":13,"159":13,"160":5,"161":5,"162":4,"163":4,"164":5,"165":1,"166":1,"167":5,"168":5,"169":13,"170":13,"171":13,"172":13,"173":5,"174":5,"175":2,"176":2,"177":5,"178":3,"179":3,"180":3,"181":5,"182":5,"183":13,"184":13,"185":13,"186":13,"187":13,"188":13,"189":13,"190":13,"191":13,"192":13,"193":13,"194":13,"195":13,"196":13,"197":13,"198":13,"199":13,"200":13,"201":13,"202":13,"203":13,"204":13,"205":13,"206":13,"207":13},"branchMap":{"0":{"type":"branch","line":5,"loc":{"start":{"line":5,"column":0},"end":{"line":208,"column":1}},"locations":[{"start":{"line":5,"column":0},"end":{"line":208,"column":1}}]},"1":{"type":"branch","line":17,"loc":{"start":{"line":17,"column":4},"end":{"line":27,"column":5}},"locations":[{"start":{"line":17,"column":4},"end":{"line":27,"column":5}}]},"2":{"type":"branch","line":33,"loc":{"start":{"line":33,"column":11},"end":{"line":35,"column":5}},"locations":[{"start":{"line":33,"column":11},"end":{"line":35,"column":5}}]},"3":{"type":"branch","line":37,"loc":{"start":{"line":37,"column":11},"end":{"line":39,"column":5}},"locations":[{"start":{"line":37,"column":11},"end":{"line":39,"column":5}}]},"4":{"type":"branch","line":41,"loc":{"start":{"line":41,"column":11},"end":{"line":43,"column":5}},"locations":[{"start":{"line":41,"column":11},"end":{"line":43,"column":5}}]},"5":{"type":"branch","line":45,"loc":{"start":{"line":45,"column":11},"end":{"line":47,"column":5}},"locations":[{"start":{"line":45,"column":11},"end":{"line":47,"column":5}}]},"6":{"type":"branch","line":49,"loc":{"start":{"line":49,"column":11},"end":{"line":51,"column":5}},"locations":[{"start":{"line":49,"column":11},"end":{"line":51,"column":5}}]},"7":{"type":"branch","line":53,"loc":{"start":{"line":53,"column":11},"end":{"line":55,"column":5}},"locations":[{"start":{"line":53,"column":11},"end":{"line":55,"column":5}}]},"8":{"type":"branch","line":57,"loc":{"start":{"line":57,"column":11},"end":{"line":59,"column":5}},"locations":[{"start":{"line":57,"column":11},"end":{"line":59,"column":5}}]},"9":{"type":"branch","line":61,"loc":{"start":{"line":61,"column":11},"end":{"line":63,"column":5}},"locations":[{"start":{"line":61,"column":11},"end":{"line":63,"column":5}}]},"10":{"type":"branch","line":66,"loc":{"start":{"line":66,"column":11},"end":{"line":68,"column":5}},"locations":[{"start":{"line":66,"column":11},"end":{"line":68,"column":5}}]},"11":{"type":"branch","line":70,"loc":{"start":{"line":70,"column":11},"end":{"line":72,"column":5}},"locations":[{"start":{"line":70,"column":11},"end":{"line":72,"column":5}}]},"12":{"type":"branch","line":74,"loc":{"start":{"line":74,"column":11},"end":{"line":76,"column":5}},"locations":[{"start":{"line":74,"column":11},"end":{"line":76,"column":5}}]},"13":{"type":"branch","line":78,"loc":{"start":{"line":78,"column":11},"end":{"line":80,"column":5}},"locations":[{"start":{"line":78,"column":11},"end":{"line":80,"column":5}}]},"14":{"type":"branch","line":83,"loc":{"start":{"line":83,"column":11},"end":{"line":85,"column":5}},"locations":[{"start":{"line":83,"column":11},"end":{"line":85,"column":5}}]},"15":{"type":"branch","line":87,"loc":{"start":{"line":87,"column":11},"end":{"line":89,"column":5}},"locations":[{"start":{"line":87,"column":11},"end":{"line":89,"column":5}}]},"16":{"type":"branch","line":95,"loc":{"start":{"line":95,"column":11},"end":{"line":115,"column":5}},"locations":[{"start":{"line":95,"column":11},"end":{"line":115,"column":5}}]},"17":{"type":"branch","line":98,"loc":{"start":{"line":98,"column":51},"end":{"line":102,"column":14}},"locations":[{"start":{"line":98,"column":51},"end":{"line":102,"column":14}}]},"18":{"type":"branch","line":102,"loc":{"start":{"line":102,"column":9},"end":{"line":113,"column":9}},"locations":[{"start":{"line":102,"column":9},"end":{"line":113,"column":9}}]},"19":{"type":"branch","line":102,"loc":{"start":{"line":102,"column":47},"end":{"line":102,"column":88}},"locations":[{"start":{"line":102,"column":47},"end":{"line":102,"column":88}}]},"20":{"type":"branch","line":102,"loc":{"start":{"line":102,"column":89},"end":{"line":105,"column":13}},"locations":[{"start":{"line":102,"column":89},"end":{"line":105,"column":13}}]},"21":{"type":"branch","line":105,"loc":{"start":{"line":105,"column":9},"end":{"line":113,"column":9}},"locations":[{"start":{"line":105,"column":9},"end":{"line":113,"column":9}}]},"22":{"type":"branch","line":107,"loc":{"start":{"line":107,"column":52},"end":{"line":111,"column":13}},"locations":[{"start":{"line":107,"column":52},"end":{"line":111,"column":13}}]},"23":{"type":"branch","line":108,"loc":{"start":{"line":108,"column":75},"end":{"line":110,"column":17}},"locations":[{"start":{"line":108,"column":75},"end":{"line":110,"column":17}}]},"24":{"type":"branch","line":123,"loc":{"start":{"line":123,"column":11},"end":{"line":132,"column":5}},"locations":[{"start":{"line":123,"column":11},"end":{"line":132,"column":5}}]},"25":{"type":"branch","line":124,"loc":{"start":{"line":124,"column":55},"end":{"line":129,"column":9}},"locations":[{"start":{"line":124,"column":55},"end":{"line":129,"column":9}}]},"26":{"type":"branch","line":125,"loc":{"start":{"line":125,"column":73},"end":{"line":127,"column":13}},"locations":[{"start":{"line":125,"column":73},"end":{"line":127,"column":13}}]},"27":{"type":"branch","line":130,"loc":{"start":{"line":130,"column":-2},"end":{"line":132,"column":5}},"locations":[{"start":{"line":130,"column":-2},"end":{"line":132,"column":5}}]},"28":{"type":"branch","line":135,"loc":{"start":{"line":135,"column":11},"end":{"line":139,"column":5}},"locations":[{"start":{"line":135,"column":11},"end":{"line":139,"column":5}}]},"29":{"type":"branch","line":145,"loc":{"start":{"line":145,"column":11},"end":{"line":148,"column":5}},"locations":[{"start":{"line":145,"column":11},"end":{"line":148,"column":5}}]},"30":{"type":"branch","line":147,"loc":{"start":{"line":147,"column":47},"end":{"line":147,"column":122}},"locations":[{"start":{"line":147,"column":47},"end":{"line":147,"column":122}}]},"31":{"type":"branch","line":160,"loc":{"start":{"line":160,"column":11},"end":{"line":169,"column":5}},"locations":[{"start":{"line":160,"column":11},"end":{"line":169,"column":5}}]},"32":{"type":"branch","line":162,"loc":{"start":{"line":162,"column":51},"end":{"line":165,"column":14}},"locations":[{"start":{"line":162,"column":51},"end":{"line":165,"column":14}}]},"33":{"type":"branch","line":165,"loc":{"start":{"line":165,"column":9},"end":{"line":167,"column":9}},"locations":[{"start":{"line":165,"column":9},"end":{"line":167,"column":9}}]},"34":{"type":"branch","line":173,"loc":{"start":{"line":173,"column":11},"end":{"line":183,"column":5}},"locations":[{"start":{"line":173,"column":11},"end":{"line":183,"column":5}}]},"35":{"type":"branch","line":175,"loc":{"start":{"line":175,"column":38},"end":{"line":178,"column":15}},"locations":[{"start":{"line":175,"column":38},"end":{"line":178,"column":15}}]},"36":{"type":"branch","line":178,"loc":{"start":{"line":178,"column":9},"end":{"line":181,"column":13}},"locations":[{"start":{"line":178,"column":9},"end":{"line":181,"column":13}}]},"37":{"type":"branch","line":178,"loc":{"start":{"line":178,"column":44},"end":{"line":178,"column":75}},"locations":[{"start":{"line":178,"column":44},"end":{"line":178,"column":75}}]},"38":{"type":"branch","line":178,"loc":{"start":{"line":178,"column":75},"end":{"line":178,"column":105}},"locations":[{"start":{"line":178,"column":75},"end":{"line":178,"column":105}}]}},"b":{"0":[13],"1":[13],"2":[1],"3":[2],"4":[2],"5":[7],"6":[1],"7":[15],"8":[6],"9":[2],"10":[1],"11":[1],"12":[5],"13":[1],"14":[1],"15":[1],"16":[5],"17":[1],"18":[4],"19":[3],"20":[3],"21":[1],"22":[2],"23":[1],"24":[25],"25":[35],"26":[4],"27":[21],"28":[11],"29":[3],"30":[13],"31":[5],"32":[4],"33":[1],"34":[5],"35":[2],"36":[3],"37":[2],"38":[1]},"fnMap":{"0":{"name":"<instance_members_initializer>","decl":{"start":{"line":5,"column":0},"end":{"line":208,"column":1}},"loc":{"start":{"line":5,"column":0},"end":{"line":208,"column":1}},"line":5},"1":{"name":"Tarea","decl":{"start":{"line":17,"column":4},"end":{"line":27,"column":5}},"loc":{"start":{"line":17,"column":4},"end":{"line":27,"column":5}},"line":17},"2":{"name":"getId","decl":{"start":{"line":33,"column":11},"end":{"line":35,"column":5}},"loc":{"start":{"line":33,"column":11},"end":{"line":35,"column":5}},"line":33},"3":{"name":"getTitulo","decl":{"start":{"line":37,"column":11},"end":{"line":39,"column":5}},"loc":{"start":{"line":37,"column":11},"end":{"line":39,"column":5}},"line":37},"4":{"name":"getDescripcion","decl":{"start":{"line":41,"column":11},"end":{"line":43,"column":5}},"loc":{"start":{"line":41,"column":11},"end":{"line":43,"column":5}},"line":41},"5":{"name":"getPorcentajeAvance","decl":{"start":{"line":45,"column":11},"end":{"line":47,"column":5}},"loc":{"start":{"line":45,"column":11},"end":{"line":47,"column":5}},"line":45},"6":{"name":"getPrioridad","decl":{"start":{"line":49,"column":11},"end":{"line":51,"column":5}},"loc":{"start":{"line":49,"column":11},"end":{"line":51,"column":5}},"line":49},"7":{"name":"getEtiquetas","decl":{"start":{"line":53,"column":11},"end":{"line":55,"column":5}},"loc":{"start":{"line":53,"column":11},"end":{"line":55,"column":5}},"line":53},"8":{"name":"getEstadoTarea","decl":{"start":{"line":57,"column":11},"end":{"line":59,"column":5}},"loc":{"start":{"line":57,"column":11},"end":{"line":59,"column":5}},"line":57},"9":{"name":"getFechaVencimiento","decl":{"start":{"line":61,"column":11},"end":{"line":63,"column":5}},"loc":{"start":{"line":61,"column":11},"end":{"line":63,"column":5}},"line":61},"10":{"name":"setTitulo","decl":{"start":{"line":66,"column":11},"end":{"line":68,"column":5}},"loc":{"start":{"line":66,"column":11},"end":{"line":68,"column":5}},"line":66},"11":{"name":"setDescripcion","decl":{"start":{"line":70,"column":11},"end":{"line":72,"column":5}},"loc":{"start":{"line":70,"column":11},"end":{"line":72,"column":5}},"line":70},"12":{"name":"setPorcentajeAvance","decl":{"start":{"line":74,"column":11},"end":{"line":76,"column":5}},"loc":{"start":{"line":74,"column":11},"end":{"line":76,"column":5}},"line":74},"13":{"name":"setPrioridad","decl":{"start":{"line":78,"column":11},"end":{"line":80,"column":5}},"loc":{"start":{"line":78,"column":11},"end":{"line":80,"column":5}},"line":78},"14":{"name":"setEstadoTarea","decl":{"start":{"line":83,"column":11},"end":{"line":85,"column":5}},"loc":{"start":{"line":83,"column":11},"end":{"line":85,"column":5}},"line":83},"15":{"name":"setFechaVencimiento","decl":{"start":{"line":87,"column":11},"end":{"line":89,"column":5}},"loc":{"start":{"line":87,"column":11},"end":{"line":89,"column":5}},"line":87},"16":{"name":"setEtiquetas","decl":{"start":{"line":95,"column":11},"end":{"line":115,"column":5}},"loc":{"start":{"line":95,"column":11},"end":{"line":115,"column":5}},"line":95},"17":{"name":"existeEtiqueta","decl":{"start":{"line":123,"column":11},"end":{"line":132,"column":5}},"loc":{"start":{"line":123,"column":11},"end":{"line":132,"column":5}},"line":123},"18":{"name":"agregarEtiqueta","decl":{"start":{"line":135,"column":11},"end":{"line":139,"column":5}},"loc":{"start":{"line":135,"column":11},"end":{"line":139,"column":5}},"line":135},"19":{"name":"eliminarEtiqueta","decl":{"start":{"line":145,"column":11},"end":{"line":148,"column":5}},"loc":{"start":{"line":145,"column":11},"end":{"line":148,"column":5}},"line":145},"20":{"name":"actualizarPorcentajeAvance","decl":{"start":{"line":160,"column":11},"end":{"line":169,"column":5}},"loc":{"start":{"line":160,"column":11},"end":{"line":169,"column":5}},"line":160},"21":{"name":"MarcarTareaComoCompleta","decl":{"start":{"line":173,"column":11},"end":{"line":183,"column":5}},"loc":{"start":{"line":173,"column":11},"end":{"line":183,"column":5}},"line":173}},"f":{"0":13,"1":13,"2":1,"3":2,"4":2,"5":7,"6":1,"7":15,"8":6,"9":2,"10":1,"11":1,"12":5,"13":1,"14":1,"15":1,"16":5,"17":25,"18":11,"19":3,"20":5,"21":5}}
,"F:\\Adri PC\\GitHub\\Task-list\\src\\Tarea\\Enumeradores\\estadoTarea.ts": {"path":"F:\\Adri PC\\GitHub\\Task-list\\src\\Tarea\\Enumeradores\\estadoTarea.ts","all":false,"statementMap":{"0":{"start":{"line":1,"column":0},"end":{"line":1,"column":25}},"1":{"start":{"line":2,"column":0},"end":{"line":2,"column":0}},"2":{"start":{"line":3,"column":0},"end":{"line":3,"column":30}},"3":{"start":{"line":4,"column":0},"end":{"line":4,"column":27}},"4":{"start":{"line":5,"column":0},"end":{"line":5,"column":0}},"5":{"start":{"line":6,"column":0},"end":{"line":6,"column":1}}},"s":{"0":1,"1":1,"2":1,"3":1,"4":1,"5":1},"branchMap":{"0":{"type":"branch","line":1,"loc":{"start":{"line":1,"column":0},"end":{"line":6,"column":1}},"locations":[{"start":{"line":1,"column":0},"end":{"line":6,"column":1}}]}},"b":{"0":[1]},"fnMap":{},"f":{}}
,"F:\\Adri PC\\GitHub\\Task-list\\src\\Tarea\\Enumeradores\\prioridadTarea.ts": {"path":"F:\\Adri PC\\GitHub\\Task-list\\src\\Tarea\\Enumeradores\\prioridadTarea.ts","all":false,"statementMap":{"0":{"start":{"line":1,"column":0},"end":{"line":1,"column":28}},"1":{"start":{"line":2,"column":0},"end":{"line":2,"column":4}},"2":{"start":{"line":3,"column":0},"end":{"line":3,"column":13}},"3":{"start":{"line":4,"column":0},"end":{"line":4,"column":14}},"4":{"start":{"line":5,"column":0},"end":{"line":5,"column":12}},"5":{"start":{"line":6,"column":0},"end":{"line":6,"column":0}},"6":{"start":{"line":7,"column":0},"end":{"line":7,"column":1}}},"s":{"0":1,"1":1,"2":1,"3":1,"4":1,"5":1,"6":1},"branchMap":{"0":{"type":"branch","line":1,"loc":{"start":{"line":1,"column":0},"end":{"line":7,"column":1}},"locations":[{"start":{"line":1,"column":0},"end":{"line":7,"column":1}}]}},"b":{"0":[1]},"fnMap":{},"f":{}}
}
