{"/Users/lauraeroles/Documents/github.com/Task-list/src/Tarea/Tarea.ts": {"path":"/Users/lauraeroles/Documents/github.com/Task-list/src/Tarea/Tarea.ts","all":false,"statementMap":{"0":{"start":{"line":1,"column":0},"end":{"line":1,"column":57}},"1":{"start":{"line":2,"column":0},"end":{"line":2,"column":63}},"2":{"start":{"line":3,"column":0},"end":{"line":3,"column":63}},"3":{"start":{"line":4,"column":0},"end":{"line":4,"column":0}},"4":{"start":{"line":5,"column":0},"end":{"line":5,"column":28}},"5":{"start":{"line":6,"column":0},"end":{"line":6,"column":3}},"6":{"start":{"line":7,"column":0},"end":{"line":7,"column":23}},"7":{"start":{"line":8,"column":0},"end":{"line":8,"column":27}},"8":{"start":{"line":9,"column":0},"end":{"line":9,"column":32}},"9":{"start":{"line":10,"column":0},"end":{"line":10,"column":37}},"10":{"start":{"line":11,"column":0},"end":{"line":11,"column":38}},"11":{"start":{"line":12,"column":0},"end":{"line":12,"column":32}},"12":{"start":{"line":13,"column":0},"end":{"line":13,"column":32}},"13":{"start":{"line":14,"column":0},"end":{"line":14,"column":47}},"14":{"start":{"line":15,"column":0},"end":{"line":15,"column":4}},"15":{"start":{"line":16,"column":0},"end":{"line":16,"column":0}},"16":{"start":{"line":17,"column":0},"end":{"line":17,"column":141}},"17":{"start":{"line":18,"column":0},"end":{"line":18,"column":21}},"18":{"start":{"line":19,"column":0},"end":{"line":19,"column":29}},"19":{"start":{"line":20,"column":0},"end":{"line":20,"column":30}},"20":{"start":{"line":21,"column":0},"end":{"line":21,"column":34}},"21":{"start":{"line":22,"column":0},"end":{"line":22,"column":45}},"22":{"start":{"line":23,"column":0},"end":{"line":23,"column":28}},"23":{"start":{"line":24,"column":0},"end":{"line":24,"column":44}},"24":{"start":{"line":25,"column":0},"end":{"line":25,"column":66}},"25":{"start":{"line":26,"column":0},"end":{"line":26,"column":8}},"26":{"start":{"line":27,"column":0},"end":{"line":27,"column":5}},"27":{"start":{"line":28,"column":0},"end":{"line":28,"column":0}},"28":{"start":{"line":29,"column":0},"end":{"line":29,"column":0}},"29":{"start":{"line":30,"column":0},"end":{"line":30,"column":0}},"30":{"start":{"line":31,"column":0},"end":{"line":31,"column":14}},"31":{"start":{"line":32,"column":0},"end":{"line":32,"column":28}},"32":{"start":{"line":33,"column":0},"end":{"line":33,"column":23}},"33":{"start":{"line":34,"column":0},"end":{"line":34,"column":5}},"34":{"start":{"line":35,"column":0},"end":{"line":35,"column":4}},"35":{"start":{"line":36,"column":0},"end":{"line":36,"column":32}},"36":{"start":{"line":37,"column":0},"end":{"line":37,"column":27}},"37":{"start":{"line":38,"column":0},"end":{"line":38,"column":5}},"38":{"start":{"line":39,"column":0},"end":{"line":39,"column":0}},"39":{"start":{"line":40,"column":0},"end":{"line":40,"column":37}},"40":{"start":{"line":41,"column":0},"end":{"line":41,"column":32}},"41":{"start":{"line":42,"column":0},"end":{"line":42,"column":5}},"42":{"start":{"line":43,"column":0},"end":{"line":43,"column":0}},"43":{"start":{"line":44,"column":0},"end":{"line":44,"column":42}},"44":{"start":{"line":45,"column":0},"end":{"line":45,"column":37}},"45":{"start":{"line":46,"column":0},"end":{"line":46,"column":5}},"46":{"start":{"line":47,"column":0},"end":{"line":47,"column":0}},"47":{"start":{"line":48,"column":0},"end":{"line":48,"column":43}},"48":{"start":{"line":49,"column":0},"end":{"line":49,"column":30}},"49":{"start":{"line":50,"column":0},"end":{"line":50,"column":5}},"50":{"start":{"line":51,"column":0},"end":{"line":51,"column":0}},"51":{"start":{"line":52,"column":0},"end":{"line":52,"column":36}},"52":{"start":{"line":53,"column":0},"end":{"line":53,"column":30}},"53":{"start":{"line":54,"column":0},"end":{"line":54,"column":5}},"54":{"start":{"line":55,"column":0},"end":{"line":55,"column":0}},"55":{"start":{"line":56,"column":0},"end":{"line":56,"column":36}},"56":{"start":{"line":57,"column":0},"end":{"line":57,"column":27}},"57":{"start":{"line":58,"column":0},"end":{"line":58,"column":5}},"58":{"start":{"line":59,"column":0},"end":{"line":59,"column":0}},"59":{"start":{"line":60,"column":0},"end":{"line":60,"column":49}},"60":{"start":{"line":61,"column":0},"end":{"line":61,"column":37}},"61":{"start":{"line":62,"column":0},"end":{"line":62,"column":5}},"62":{"start":{"line":63,"column":0},"end":{"line":63,"column":0}},"63":{"start":{"line":64,"column":0},"end":{"line":64,"column":14}},"64":{"start":{"line":65,"column":0},"end":{"line":65,"column":44}},"65":{"start":{"line":66,"column":0},"end":{"line":66,"column":29}},"66":{"start":{"line":67,"column":0},"end":{"line":67,"column":5}},"67":{"start":{"line":68,"column":0},"end":{"line":68,"column":0}},"68":{"start":{"line":69,"column":0},"end":{"line":69,"column":54}},"69":{"start":{"line":70,"column":0},"end":{"line":70,"column":39}},"70":{"start":{"line":71,"column":0},"end":{"line":71,"column":5}},"71":{"start":{"line":72,"column":0},"end":{"line":72,"column":0}},"72":{"start":{"line":73,"column":0},"end":{"line":73,"column":64}},"73":{"start":{"line":74,"column":0},"end":{"line":74,"column":49}},"74":{"start":{"line":75,"column":0},"end":{"line":75,"column":5}},"75":{"start":{"line":76,"column":0},"end":{"line":76,"column":0}},"76":{"start":{"line":77,"column":0},"end":{"line":77,"column":58}},"77":{"start":{"line":78,"column":0},"end":{"line":78,"column":35}},"78":{"start":{"line":79,"column":0},"end":{"line":79,"column":5}},"79":{"start":{"line":80,"column":0},"end":{"line":80,"column":0}},"80":{"start":{"line":81,"column":0},"end":{"line":81,"column":0}},"81":{"start":{"line":82,"column":0},"end":{"line":82,"column":49}},"82":{"start":{"line":83,"column":0},"end":{"line":83,"column":29}},"83":{"start":{"line":84,"column":0},"end":{"line":84,"column":5}},"84":{"start":{"line":85,"column":0},"end":{"line":85,"column":0}},"85":{"start":{"line":86,"column":0},"end":{"line":86,"column":62}},"86":{"start":{"line":87,"column":0},"end":{"line":87,"column":49}},"87":{"start":{"line":88,"column":0},"end":{"line":88,"column":5}},"88":{"start":{"line":89,"column":0},"end":{"line":89,"column":0}},"89":{"start":{"line":90,"column":0},"end":{"line":90,"column":96}},"90":{"start":{"line":91,"column":0},"end":{"line":91,"column":63}},"91":{"start":{"line":92,"column":0},"end":{"line":92,"column":127}},"92":{"start":{"line":93,"column":0},"end":{"line":93,"column":43}},"93":{"start":{"line":94,"column":0},"end":{"line":94,"column":66}},"94":{"start":{"line":95,"column":0},"end":{"line":95,"column":49}},"95":{"start":{"line":96,"column":0},"end":{"line":96,"column":45}},"96":{"start":{"line":97,"column":0},"end":{"line":97,"column":51}},"97":{"start":{"line":98,"column":0},"end":{"line":98,"column":18}},"98":{"start":{"line":99,"column":0},"end":{"line":99,"column":56}},"99":{"start":{"line":100,"column":0},"end":{"line":100,"column":13}},"100":{"start":{"line":101,"column":0},"end":{"line":101,"column":9}},"101":{"start":{"line":102,"column":0},"end":{"line":102,"column":5}},"102":{"start":{"line":103,"column":0},"end":{"line":103,"column":0}},"103":{"start":{"line":104,"column":0},"end":{"line":104,"column":0}},"104":{"start":{"line":105,"column":0},"end":{"line":105,"column":20}},"105":{"start":{"line":106,"column":0},"end":{"line":106,"column":0}},"106":{"start":{"line":107,"column":0},"end":{"line":107,"column":46}},"107":{"start":{"line":108,"column":0},"end":{"line":108,"column":51}},"108":{"start":{"line":109,"column":0},"end":{"line":109,"column":56}},"109":{"start":{"line":110,"column":0},"end":{"line":110,"column":47}},"110":{"start":{"line":111,"column":0},"end":{"line":111,"column":28}},"111":{"start":{"line":112,"column":0},"end":{"line":112,"column":13}},"112":{"start":{"line":113,"column":0},"end":{"line":113,"column":0}},"113":{"start":{"line":114,"column":0},"end":{"line":114,"column":9}},"114":{"start":{"line":115,"column":0},"end":{"line":115,"column":21}},"115":{"start":{"line":116,"column":0},"end":{"line":116,"column":0}},"116":{"start":{"line":117,"column":0},"end":{"line":117,"column":5}},"117":{"start":{"line":118,"column":0},"end":{"line":118,"column":0}},"118":{"start":{"line":119,"column":0},"end":{"line":119,"column":35}},"119":{"start":{"line":120,"column":0},"end":{"line":120,"column":52}},"120":{"start":{"line":121,"column":0},"end":{"line":121,"column":49}},"121":{"start":{"line":122,"column":0},"end":{"line":122,"column":42}},"122":{"start":{"line":123,"column":0},"end":{"line":123,"column":9}},"123":{"start":{"line":124,"column":0},"end":{"line":124,"column":5}},"124":{"start":{"line":125,"column":0},"end":{"line":125,"column":0}},"125":{"start":{"line":126,"column":0},"end":{"line":126,"column":63}},"126":{"start":{"line":127,"column":0},"end":{"line":127,"column":92}},"127":{"start":{"line":128,"column":0},"end":{"line":128,"column":91}},"128":{"start":{"line":129,"column":0},"end":{"line":129,"column":102}},"129":{"start":{"line":130,"column":0},"end":{"line":130,"column":53}},"130":{"start":{"line":131,"column":0},"end":{"line":131,"column":82}},"131":{"start":{"line":132,"column":0},"end":{"line":132,"column":96}},"132":{"start":{"line":133,"column":0},"end":{"line":133,"column":5}},"133":{"start":{"line":134,"column":0},"end":{"line":134,"column":0}},"134":{"start":{"line":135,"column":0},"end":{"line":135,"column":66}},"135":{"start":{"line":136,"column":0},"end":{"line":136,"column":102}},"136":{"start":{"line":137,"column":0},"end":{"line":137,"column":57}},"137":{"start":{"line":138,"column":0},"end":{"line":138,"column":93}},"138":{"start":{"line":139,"column":0},"end":{"line":139,"column":7}},"139":{"start":{"line":140,"column":0},"end":{"line":140,"column":0}},"140":{"start":{"line":141,"column":0},"end":{"line":141,"column":0}},"141":{"start":{"line":142,"column":0},"end":{"line":142,"column":0}},"142":{"start":{"line":143,"column":0},"end":{"line":143,"column":38}},"143":{"start":{"line":144,"column":0},"end":{"line":144,"column":0}},"144":{"start":{"line":145,"column":0},"end":{"line":145,"column":62}},"145":{"start":{"line":146,"column":0},"end":{"line":146,"column":47}},"146":{"start":{"line":147,"column":0},"end":{"line":147,"column":52}},"147":{"start":{"line":148,"column":0},"end":{"line":148,"column":45}},"148":{"start":{"line":149,"column":0},"end":{"line":149,"column":43}},"149":{"start":{"line":150,"column":0},"end":{"line":150,"column":94}},"150":{"start":{"line":151,"column":0},"end":{"line":151,"column":159}},"151":{"start":{"line":152,"column":0},"end":{"line":152,"column":9}},"152":{"start":{"line":153,"column":0},"end":{"line":153,"column":0}},"153":{"start":{"line":154,"column":0},"end":{"line":154,"column":5}},"154":{"start":{"line":155,"column":0},"end":{"line":155,"column":0}},"155":{"start":{"line":156,"column":0},"end":{"line":156,"column":0}},"156":{"start":{"line":157,"column":0},"end":{"line":157,"column":43}},"157":{"start":{"line":158,"column":0},"end":{"line":158,"column":44}},"158":{"start":{"line":159,"column":0},"end":{"line":159,"column":8}},"159":{"start":{"line":160,"column":0},"end":{"line":160,"column":39}},"160":{"start":{"line":161,"column":0},"end":{"line":161,"column":47}},"161":{"start":{"line":162,"column":0},"end":{"line":162,"column":0}},"162":{"start":{"line":163,"column":0},"end":{"line":163,"column":107}},"163":{"start":{"line":164,"column":0},"end":{"line":164,"column":46}},"164":{"start":{"line":165,"column":0},"end":{"line":165,"column":10}},"165":{"start":{"line":166,"column":0},"end":{"line":166,"column":13}},"166":{"start":{"line":167,"column":0},"end":{"line":167,"column":12}},"167":{"start":{"line":168,"column":0},"end":{"line":168,"column":5}},"168":{"start":{"line":169,"column":0},"end":{"line":169,"column":0}},"169":{"start":{"line":170,"column":0},"end":{"line":170,"column":0}},"170":{"start":{"line":171,"column":0},"end":{"line":171,"column":0}},"171":{"start":{"line":172,"column":0},"end":{"line":172,"column":63}},"172":{"start":{"line":173,"column":0},"end":{"line":173,"column":65}},"173":{"start":{"line":174,"column":0},"end":{"line":174,"column":90}},"174":{"start":{"line":175,"column":0},"end":{"line":175,"column":47}},"175":{"start":{"line":176,"column":0},"end":{"line":176,"column":71}},"176":{"start":{"line":177,"column":0},"end":{"line":177,"column":104}},"177":{"start":{"line":178,"column":0},"end":{"line":178,"column":4}},"178":{"start":{"line":179,"column":0},"end":{"line":179,"column":25}},"179":{"start":{"line":180,"column":0},"end":{"line":180,"column":46}},"180":{"start":{"line":181,"column":0},"end":{"line":181,"column":38}},"181":{"start":{"line":182,"column":0},"end":{"line":182,"column":56}},"182":{"start":{"line":183,"column":0},"end":{"line":183,"column":67}},"183":{"start":{"line":184,"column":0},"end":{"line":184,"column":58}},"184":{"start":{"line":185,"column":0},"end":{"line":185,"column":52}},"185":{"start":{"line":186,"column":0},"end":{"line":186,"column":52}},"186":{"start":{"line":187,"column":0},"end":{"line":187,"column":54}},"187":{"start":{"line":188,"column":0},"end":{"line":188,"column":0}},"188":{"start":{"line":189,"column":0},"end":{"line":189,"column":5}},"189":{"start":{"line":190,"column":0},"end":{"line":190,"column":0}},"190":{"start":{"line":191,"column":0},"end":{"line":191,"column":0}},"191":{"start":{"line":192,"column":0},"end":{"line":192,"column":0}},"192":{"start":{"line":193,"column":0},"end":{"line":193,"column":0}},"193":{"start":{"line":194,"column":0},"end":{"line":194,"column":0}},"194":{"start":{"line":195,"column":0},"end":{"line":195,"column":1}}},"s":{"0":1,"1":1,"2":1,"3":1,"4":1,"5":3,"6":3,"7":3,"8":3,"9":3,"10":3,"11":3,"12":3,"13":3,"14":3,"15":3,"16":3,"17":3,"18":3,"19":3,"20":3,"21":3,"22":3,"23":3,"24":3,"25":3,"26":3,"27":3,"28":3,"29":3,"30":3,"31":3,"32":1,"33":1,"34":3,"35":3,"36":2,"37":2,"38":3,"39":3,"40":2,"41":2,"42":3,"43":3,"44":1,"45":1,"46":3,"47":3,"48":1,"49":1,"50":3,"51":3,"52":1,"53":1,"54":3,"55":3,"56":1,"57":1,"58":3,"59":3,"60":1,"61":1,"62":3,"63":3,"64":3,"65":1,"66":1,"67":3,"68":3,"69":1,"70":1,"71":3,"72":3,"73":0,"74":0,"75":3,"76":3,"77":0,"78":0,"79":3,"80":3,"81":3,"82":0,"83":0,"84":3,"85":3,"86":0,"87":0,"88":3,"89":3,"90":3,"91":3,"92":3,"93":3,"94":0,"95":0,"96":0,"97":0,"98":0,"99":0,"100":0,"101":0,"102":3,"103":3,"104":3,"105":3,"106":3,"107":3,"108":0,"109":0,"110":0,"111":0,"112":0,"113":0,"114":0,"115":0,"116":0,"117":3,"118":3,"119":3,"120":0,"121":0,"122":0,"123":0,"124":3,"125":3,"126":3,"127":3,"128":3,"129":3,"130":0,"131":0,"132":0,"133":3,"134":3,"135":3,"136":3,"137":3,"138":3,"139":3,"140":3,"141":3,"142":3,"143":3,"144":3,"145":0,"146":0,"147":0,"148":0,"149":0,"150":0,"151":0,"152":0,"153":0,"154":3,"155":3,"156":3,"157":3,"158":0,"159":0,"160":0,"161":0,"162":0,"163":0,"164":0,"165":0,"166":0,"167":0,"168":3,"169":3,"170":3,"171":3,"172":3,"173":3,"174":3,"175":3,"176":3,"177":3,"178":3,"179":0,"180":0,"181":0,"182":0,"183":0,"184":0,"185":0,"186":0,"187":0,"188":0,"189":3,"190":3,"191":3,"192":3,"193":3,"194":3},"branchMap":{"0":{"type":"branch","line":5,"loc":{"start":{"line":5,"column":26},"end":{"line":195,"column":1}},"locations":[{"start":{"line":5,"column":26},"end":{"line":195,"column":1}}]},"1":{"type":"branch","line":17,"loc":{"start":{"line":17,"column":4},"end":{"line":27,"column":5}},"locations":[{"start":{"line":17,"column":4},"end":{"line":27,"column":5}}]},"2":{"type":"branch","line":32,"loc":{"start":{"line":32,"column":11},"end":{"line":34,"column":5}},"locations":[{"start":{"line":32,"column":11},"end":{"line":34,"column":5}}]},"3":{"type":"branch","line":36,"loc":{"start":{"line":36,"column":11},"end":{"line":38,"column":5}},"locations":[{"start":{"line":36,"column":11},"end":{"line":38,"column":5}}]},"4":{"type":"branch","line":40,"loc":{"start":{"line":40,"column":11},"end":{"line":42,"column":5}},"locations":[{"start":{"line":40,"column":11},"end":{"line":42,"column":5}}]},"5":{"type":"branch","line":44,"loc":{"start":{"line":44,"column":11},"end":{"line":46,"column":5}},"locations":[{"start":{"line":44,"column":11},"end":{"line":46,"column":5}}]},"6":{"type":"branch","line":48,"loc":{"start":{"line":48,"column":11},"end":{"line":50,"column":5}},"locations":[{"start":{"line":48,"column":11},"end":{"line":50,"column":5}}]},"7":{"type":"branch","line":52,"loc":{"start":{"line":52,"column":11},"end":{"line":54,"column":5}},"locations":[{"start":{"line":52,"column":11},"end":{"line":54,"column":5}}]},"8":{"type":"branch","line":56,"loc":{"start":{"line":56,"column":11},"end":{"line":58,"column":5}},"locations":[{"start":{"line":56,"column":11},"end":{"line":58,"column":5}}]},"9":{"type":"branch","line":60,"loc":{"start":{"line":60,"column":11},"end":{"line":62,"column":5}},"locations":[{"start":{"line":60,"column":11},"end":{"line":62,"column":5}}]},"10":{"type":"branch","line":65,"loc":{"start":{"line":65,"column":11},"end":{"line":67,"column":5}},"locations":[{"start":{"line":65,"column":11},"end":{"line":67,"column":5}}]},"11":{"type":"branch","line":69,"loc":{"start":{"line":69,"column":11},"end":{"line":71,"column":5}},"locations":[{"start":{"line":69,"column":11},"end":{"line":71,"column":5}}]}},"b":{"0":[3],"1":[3],"2":[1],"3":[2],"4":[2],"5":[1],"6":[1],"7":[1],"8":[1],"9":[1],"10":[1],"11":[1]},"fnMap":{"0":{"name":"<instance_members_initializer>","decl":{"start":{"line":5,"column":26},"end":{"line":195,"column":1}},"loc":{"start":{"line":5,"column":26},"end":{"line":195,"column":1}},"line":5},"1":{"name":"Tarea","decl":{"start":{"line":17,"column":4},"end":{"line":27,"column":5}},"loc":{"start":{"line":17,"column":4},"end":{"line":27,"column":5}},"line":17},"2":{"name":"getId","decl":{"start":{"line":32,"column":11},"end":{"line":34,"column":5}},"loc":{"start":{"line":32,"column":11},"end":{"line":34,"column":5}},"line":32},"3":{"name":"getTitulo","decl":{"start":{"line":36,"column":11},"end":{"line":38,"column":5}},"loc":{"start":{"line":36,"column":11},"end":{"line":38,"column":5}},"line":36},"4":{"name":"getDescripcion","decl":{"start":{"line":40,"column":11},"end":{"line":42,"column":5}},"loc":{"start":{"line":40,"column":11},"end":{"line":42,"column":5}},"line":40},"5":{"name":"getPorcentajeAvance","decl":{"start":{"line":44,"column":11},"end":{"line":46,"column":5}},"loc":{"start":{"line":44,"column":11},"end":{"line":46,"column":5}},"line":44},"6":{"name":"getPrioridad","decl":{"start":{"line":48,"column":11},"end":{"line":50,"column":5}},"loc":{"start":{"line":48,"column":11},"end":{"line":50,"column":5}},"line":48},"7":{"name":"getEtiquetas","decl":{"start":{"line":52,"column":11},"end":{"line":54,"column":5}},"loc":{"start":{"line":52,"column":11},"end":{"line":54,"column":5}},"line":52},"8":{"name":"getEstado","decl":{"start":{"line":56,"column":11},"end":{"line":58,"column":5}},"loc":{"start":{"line":56,"column":11},"end":{"line":58,"column":5}},"line":56},"9":{"name":"getFechaVencimiento","decl":{"start":{"line":60,"column":11},"end":{"line":62,"column":5}},"loc":{"start":{"line":60,"column":11},"end":{"line":62,"column":5}},"line":60},"10":{"name":"setTitulo","decl":{"start":{"line":65,"column":11},"end":{"line":67,"column":5}},"loc":{"start":{"line":65,"column":11},"end":{"line":67,"column":5}},"line":65},"11":{"name":"setDescripcion","decl":{"start":{"line":69,"column":11},"end":{"line":71,"column":5}},"loc":{"start":{"line":69,"column":11},"end":{"line":71,"column":5}},"line":69},"12":{"name":"setPorcentajeAvance","decl":{"start":{"line":73,"column":11},"end":{"line":75,"column":5}},"loc":{"start":{"line":73,"column":11},"end":{"line":75,"column":5}},"line":73},"13":{"name":"setPrioridad","decl":{"start":{"line":77,"column":11},"end":{"line":79,"column":5}},"loc":{"start":{"line":77,"column":11},"end":{"line":79,"column":5}},"line":77},"14":{"name":"setEstado","decl":{"start":{"line":82,"column":11},"end":{"line":84,"column":5}},"loc":{"start":{"line":82,"column":11},"end":{"line":84,"column":5}},"line":82},"15":{"name":"setFechaVencimiento","decl":{"start":{"line":86,"column":11},"end":{"line":88,"column":5}},"loc":{"start":{"line":86,"column":11},"end":{"line":88,"column":5}},"line":86},"16":{"name":"setEtiquetas","decl":{"start":{"line":94,"column":11},"end":{"line":102,"column":5}},"loc":{"start":{"line":94,"column":11},"end":{"line":102,"column":5}},"line":94},"17":{"name":"existeEtiqueta","decl":{"start":{"line":108,"column":11},"end":{"line":117,"column":5}},"loc":{"start":{"line":108,"column":11},"end":{"line":117,"column":5}},"line":108},"18":{"name":"agregarEtiquetas","decl":{"start":{"line":120,"column":11},"end":{"line":124,"column":5}},"loc":{"start":{"line":120,"column":11},"end":{"line":124,"column":5}},"line":120},"19":{"name":"EliminarEtiqueta","decl":{"start":{"line":130,"column":11},"end":{"line":133,"column":5}},"loc":{"start":{"line":130,"column":11},"end":{"line":133,"column":5}},"line":130},"20":{"name":"actualizarPorcentajeAvance","decl":{"start":{"line":145,"column":11},"end":{"line":154,"column":5}},"loc":{"start":{"line":145,"column":11},"end":{"line":154,"column":5}},"line":145},"21":{"name":"MarcarTareaComoCompleta","decl":{"start":{"line":158,"column":11},"end":{"line":168,"column":5}},"loc":{"start":{"line":158,"column":11},"end":{"line":168,"column":5}},"line":158},"22":{"name":"describeTarea","decl":{"start":{"line":179,"column":4},"end":{"line":189,"column":5}},"loc":{"start":{"line":179,"column":4},"end":{"line":189,"column":5}},"line":179}},"f":{"0":3,"1":3,"2":1,"3":2,"4":2,"5":1,"6":1,"7":1,"8":1,"9":1,"10":1,"11":1,"12":0,"13":0,"14":0,"15":0,"16":0,"17":0,"18":0,"19":0,"20":0,"21":0,"22":0}}
,"/Users/lauraeroles/Documents/github.com/Task-list/src/Tarea/Enumeradores/EstadoTarea.ts": {"path":"/Users/lauraeroles/Documents/github.com/Task-list/src/Tarea/Enumeradores/EstadoTarea.ts","all":false,"statementMap":{"0":{"start":{"line":1,"column":0},"end":{"line":1,"column":25}},"1":{"start":{"line":2,"column":0},"end":{"line":2,"column":0}},"2":{"start":{"line":3,"column":0},"end":{"line":3,"column":30}},"3":{"start":{"line":4,"column":0},"end":{"line":4,"column":27}},"4":{"start":{"line":5,"column":0},"end":{"line":5,"column":0}},"5":{"start":{"line":6,"column":0},"end":{"line":6,"column":1}}},"s":{"0":1,"1":1,"2":1,"3":1,"4":1,"5":1},"branchMap":{"0":{"type":"branch","line":1,"loc":{"start":{"line":1,"column":0},"end":{"line":6,"column":1}},"locations":[{"start":{"line":1,"column":0},"end":{"line":6,"column":1}}]}},"b":{"0":[1]},"fnMap":{},"f":{}}
,"/Users/lauraeroles/Documents/github.com/Task-list/src/Tarea/Enumeradores/PrioridadTarea.ts": {"path":"/Users/lauraeroles/Documents/github.com/Task-list/src/Tarea/Enumeradores/PrioridadTarea.ts","all":false,"statementMap":{"0":{"start":{"line":1,"column":0},"end":{"line":1,"column":28}},"1":{"start":{"line":2,"column":0},"end":{"line":2,"column":4}},"2":{"start":{"line":3,"column":0},"end":{"line":3,"column":13}},"3":{"start":{"line":4,"column":0},"end":{"line":4,"column":14}},"4":{"start":{"line":5,"column":0},"end":{"line":5,"column":12}},"5":{"start":{"line":6,"column":0},"end":{"line":6,"column":0}},"6":{"start":{"line":7,"column":0},"end":{"line":7,"column":1}}},"s":{"0":1,"1":1,"2":1,"3":1,"4":1,"5":1,"6":1},"branchMap":{"0":{"type":"branch","line":1,"loc":{"start":{"line":1,"column":0},"end":{"line":7,"column":1}},"locations":[{"start":{"line":1,"column":0},"end":{"line":7,"column":1}}]}},"b":{"0":[1]},"fnMap":{},"f":{}}
}
