<?xml version="1.0" encoding="UTF-8"?>
<testsuites name="jest tests" tests="3" failures="0" errors="0" time="7.422">
  <testsuite name="Tests clase Tarea" errors="0" failures="0" skipped="0" timestamp="2024-11-16T16:25:11" time="6.069" tests="3">
    <testcase classname="Tests clase Tarea Verifico obtener instancia de Tarea con Id 1, Descripcion prueba y valores por defecto Verifico obtener instancia de Tarea con Id 1, Descripcion prueba y valores por defecto" name="Tests clase Tarea Verifico obtener instancia de Tarea con Id 1, Descripcion prueba y valores por defecto Verifico obtener instancia de Tarea con Id 1, Descripcion prueba y valores por defecto" time="0.014">
    </testcase>
    <testcase classname="Tests clase Tarea Verifico al cambiar el titulo que tome el nuevo valor asignado Verifico al cambiar el titulo que tome el nuevo valor asignado" name="Tests clase Tarea Verifico al cambiar el titulo que tome el nuevo valor asignado Verifico al cambiar el titulo que tome el nuevo valor asignado" time="0.002">
    </testcase>
    <testcase classname="Tests clase Tarea Verifico al cambiar la descripción que tome el nuevo valor asignado Verifico al cambiar la descripción que tome el nuevo valor asignado" name="Tests clase Tarea Verifico al cambiar la descripción que tome el nuevo valor asignado Verifico al cambiar la descripción que tome el nuevo valor asignado" time="0.001">
    </testcase>
  </testsuite>
</testsuites>