TN:
SF:src\Ordenamiento\OrdenarPorFecha.ts
FN:6,ordenar
FN:20,comparador
FNF:2
FNH:2
FNDA:2,ordenar
FNDA:5,comparador
DA:1,1
DA:2,1
DA:3,1
DA:4,1
DA:5,1
DA:6,1
DA:7,2
DA:8,2
DA:9,2
DA:10,2
DA:11,4
DA:12,2
DA:13,2
DA:14,2
DA:15,2
DA:16,2
DA:17,2
DA:18,1
DA:19,1
DA:20,1
DA:21,5
DA:22,5
DA:23,5
DA:24,5
DA:25,5
DA:26,5
DA:27,5
DA:28,1
DA:29,1
DA:30,5
DA:31,2
DA:32,2
DA:33,2
DA:34,1
DA:35,1
DA:36,1
DA:37,1
DA:38,1
DA:39,5
DA:40,5
DA:41,5
DA:42,1
LF:42
LH:42
BRDA:6,0,0,2
BRDA:10,1,0,4
BRDA:20,2,0,5
BRDA:27,3,0,1
BRDA:30,4,0,4
BRDA:30,5,0,2
BRDA:33,6,0,1
BRF:7
BRH:7
end_of_record
TN:
SF:src\Ordenamiento\OrdenarPorPrioridad.ts
FN:7,ordenar
FN:22,comparadorDescendente
FNF:2
FNH:2
FNDA:2,ordenar
FNDA:6,comparadorDescendente
DA:1,1
DA:2,1
DA:3,1
DA:4,1
DA:5,1
DA:6,1
DA:7,1
DA:8,2
DA:9,2
DA:10,2
DA:11,2
DA:12,4
DA:13,2
DA:14,2
DA:15,2
DA:16,2
DA:17,2
DA:18,2
DA:19,1
DA:20,1
DA:21,1
DA:22,1
DA:23,6
DA:24,6
DA:25,6
DA:26,6
DA:27,6
DA:28,4
DA:29,6
DA:30,1
DA:31,1
DA:32,6
DA:33,6
DA:34,6
DA:35,1
DA:36,1
DA:37,1
DA:38,1
LF:38
LH:38
BRDA:7,0,0,2
BRDA:11,1,0,4
BRDA:22,2,0,6
BRDA:27,3,0,4
BRDA:29,4,0,2
BRDA:29,5,0,1
BRF:6
BRH:6
end_of_record
TN:
SF:src\Ordenamiento\OrdenarPorTitulo.ts
FN:6,ordenar
FN:19,comparador
FNF:2
FNH:2
FNDA:2,ordenar
FNDA:6,comparador
DA:1,1
DA:2,1
DA:3,1
DA:4,1
DA:5,1
DA:6,1
DA:7,2
DA:8,2
DA:9,2
DA:10,2
DA:11,4
DA:12,2
DA:13,2
DA:14,2
DA:15,2
DA:16,2
DA:17,2
DA:18,1
DA:19,1
DA:20,6
DA:21,6
DA:22,6
DA:23,6
DA:24,4
DA:25,6
DA:26,2
DA:27,2
DA:28,6
DA:29,6
DA:30,1
DA:31,1
LF:31
LH:31
BRDA:6,0,0,2
BRDA:10,1,0,4
BRDA:19,2,0,6
BRDA:23,3,0,4
BRDA:25,4,0,2
BRF:5
BRH:5
end_of_record
TN:
SF:src\Tarea\Tarea.ts
FN:5,<instance_members_initializer>
FN:17,Tarea
FN:33,getId
FN:37,getTitulo
FN:41,getDescripcion
FN:45,getPorcentajeAvance
FN:49,getPrioridad
FN:53,getEtiquetas
FN:57,getEstadoTarea
FN:61,getFechaVencimiento
FN:66,setTitulo
FN:70,setDescripcion
FN:74,setPorcentajeAvance
FN:78,setPrioridad
FN:83,setEstadoTarea
FN:87,setFechaVencimiento
FN:95,setEtiquetas
FN:123,existeEtiqueta
FN:135,agregarEtiqueta
FN:145,eliminarEtiqueta
FN:160,actualizarPorcentajeAvance
FN:173,MarcarTareaComoCompleta
FNF:22
FNH:22
FNDA:13,<instance_members_initializer>
FNDA:13,Tarea
FNDA:1,getId
FNDA:2,getTitulo
FNDA:2,getDescripcion
FNDA:7,getPorcentajeAvance
FNDA:1,getPrioridad
FNDA:15,getEtiquetas
FNDA:6,getEstadoTarea
FNDA:2,getFechaVencimiento
FNDA:1,setTitulo
FNDA:1,setDescripcion
FNDA:5,setPorcentajeAvance
FNDA:1,setPrioridad
FNDA:1,setEstadoTarea
FNDA:1,setFechaVencimiento
FNDA:5,setEtiquetas
FNDA:25,existeEtiqueta
FNDA:11,agregarEtiqueta
FNDA:3,eliminarEtiqueta
FNDA:5,actualizarPorcentajeAvance
FNDA:5,MarcarTareaComoCompleta
DA:1,1
DA:2,1
DA:3,1
DA:4,1
DA:5,13
DA:6,13
DA:7,13
DA:8,13
DA:9,13
DA:10,13
DA:11,13
DA:12,13
DA:13,13
DA:14,13
DA:15,13
DA:16,13
DA:17,13
DA:18,13
DA:19,13
DA:20,13
DA:21,13
DA:22,13
DA:23,13
DA:24,13
DA:25,13
DA:26,13
DA:27,13
DA:28,13
DA:29,13
DA:30,13
DA:31,13
DA:32,13
DA:33,13
DA:34,1
DA:35,1
DA:36,13
DA:37,13
DA:38,2
DA:39,2
DA:40,13
DA:41,13
DA:42,2
DA:43,2
DA:44,13
DA:45,13
DA:46,7
DA:47,7
DA:48,13
DA:49,13
DA:50,1
DA:51,1
DA:52,13
DA:53,13
DA:54,15
DA:55,15
DA:56,13
DA:57,13
DA:58,6
DA:59,6
DA:60,13
DA:61,13
DA:62,2
DA:63,2
DA:64,13
DA:65,13
DA:66,13
DA:67,1
DA:68,1
DA:69,13
DA:70,13
DA:71,1
DA:72,1
DA:73,13
DA:74,13
DA:75,5
DA:76,5
DA:77,13
DA:78,13
DA:79,1
DA:80,1
DA:81,13
DA:82,13
DA:83,13
DA:84,1
DA:85,1
DA:86,13
DA:87,13
DA:88,1
DA:89,1
DA:90,13
DA:91,13
DA:92,13
DA:93,13
DA:94,13
DA:95,13
DA:96,5
DA:97,5
DA:98,5
DA:99,1
DA:100,1
DA:101,1
DA:102,5
DA:103,3
DA:104,3
DA:105,4
DA:106,1
DA:107,1
DA:108,2
DA:109,1
DA:110,1
DA:111,2
DA:112,1
DA:113,1
DA:114,5
DA:115,5
DA:116,13
DA:117,13
DA:118,13
DA:119,13
DA:120,13
DA:121,13
DA:122,13
DA:123,13
DA:124,25
DA:125,35
DA:126,4
DA:127,4
DA:128,35
DA:129,35
DA:130,21
DA:131,21
DA:132,21
DA:133,13
DA:134,13
DA:135,13
DA:136,11
DA:137,11
DA:138,11
DA:139,11
DA:140,13
DA:141,13
DA:142,13
DA:143,13
DA:144,13
DA:145,13
DA:146,3
DA:147,3
DA:148,3
DA:149,13
DA:150,13
DA:151,13
DA:152,13
DA:153,13
DA:154,13
DA:155,13
DA:156,13
DA:157,13
DA:158,13
DA:159,13
DA:160,13
DA:161,5
DA:162,5
DA:163,4
DA:164,4
DA:165,5
DA:166,1
DA:167,1
DA:168,5
DA:169,5
DA:170,13
DA:171,13
DA:172,13
DA:173,13
DA:174,5
DA:175,5
DA:176,2
DA:177,2
DA:178,5
DA:179,3
DA:180,3
DA:181,3
DA:182,5
DA:183,5
DA:184,13
DA:185,13
DA:186,13
DA:187,13
DA:188,13
DA:189,13
DA:190,13
DA:191,13
DA:192,13
DA:193,13
DA:194,13
DA:195,13
DA:196,13
DA:197,13
DA:198,13
DA:199,13
DA:200,13
DA:201,13
DA:202,13
DA:203,13
DA:204,13
DA:205,13
DA:206,13
DA:207,13
DA:208,13
LF:208
LH:208
BRDA:5,0,0,13
BRDA:17,1,0,13
BRDA:33,2,0,1
BRDA:37,3,0,2
BRDA:41,4,0,2
BRDA:45,5,0,7
BRDA:49,6,0,1
BRDA:53,7,0,15
BRDA:57,8,0,6
BRDA:61,9,0,2
BRDA:66,10,0,1
BRDA:70,11,0,1
BRDA:74,12,0,5
BRDA:78,13,0,1
BRDA:83,14,0,1
BRDA:87,15,0,1
BRDA:95,16,0,5
BRDA:98,17,0,1
BRDA:102,18,0,4
BRDA:102,19,0,3
BRDA:102,20,0,3
BRDA:105,21,0,1
BRDA:107,22,0,2
BRDA:108,23,0,1
BRDA:123,24,0,25
BRDA:124,25,0,35
BRDA:125,26,0,4
BRDA:130,27,0,21
BRDA:135,28,0,11
BRDA:145,29,0,3
BRDA:147,30,0,13
BRDA:160,31,0,5
BRDA:162,32,0,4
BRDA:165,33,0,1
BRDA:173,34,0,5
BRDA:175,35,0,2
BRDA:178,36,0,3
BRDA:178,37,0,2
BRDA:178,38,0,1
BRF:39
BRH:39
end_of_record
TN:
SF:src\Tarea\Enumeradores\estadoTarea.ts
FNF:0
FNH:0
DA:1,1
DA:2,1
DA:3,1
DA:4,1
DA:5,1
DA:6,1
LF:6
LH:6
BRDA:1,0,0,1
BRF:1
BRH:1
end_of_record
TN:
SF:src\Tarea\Enumeradores\prioridadTarea.ts
FNF:0
FNH:0
DA:1,1
DA:2,1
DA:3,1
DA:4,1
DA:5,1
DA:6,1
DA:7,1
LF:7
LH:7
BRDA:1,0,0,1
BRF:1
BRH:1
end_of_record
