TN:
SF:src/Ordenamiento/OrdenarPorFecha.ts
FN:6,ordenar
FN:20,comparador
FNF:2
FNH:2
FNDA:2,ordenar
FNDA:5,comparador
DA:1,1
DA:2,1
DA:3,1
DA:4,1
DA:5,1
DA:6,1
DA:7,2
DA:8,2
DA:9,2
DA:10,2
DA:11,4
DA:12,2
DA:13,2
DA:14,2
DA:15,2
DA:16,2
DA:17,2
DA:18,1
DA:19,1
DA:20,1
DA:21,5
DA:22,5
DA:23,5
DA:24,5
DA:25,5
DA:26,5
DA:27,5
DA:28,1
DA:29,1
DA:30,5
DA:31,2
DA:32,2
DA:33,2
DA:34,1
DA:35,1
DA:36,1
DA:37,1
DA:38,1
DA:39,5
DA:40,5
DA:41,5
DA:42,1
LF:42
LH:42
BRDA:6,0,0,2
BRDA:10,1,0,4
BRDA:20,2,0,5
BRDA:27,3,0,1
BRDA:30,4,0,4
BRDA:30,5,0,2
BRDA:33,6,0,1
BRF:7
BRH:7
end_of_record
TN:
SF:src/Ordenamiento/OrdenarPorPrioridad.ts
FN:7,ordenar
FN:22,comparadorDescendente
FNF:2
FNH:2
FNDA:2,ordenar
FNDA:6,comparadorDescendente
DA:1,1
DA:2,1
DA:3,1
DA:4,1
DA:5,1
DA:6,1
DA:7,1
DA:8,2
DA:9,2
DA:10,2
DA:11,2
DA:12,4
DA:13,2
DA:14,2
DA:15,2
DA:16,2
DA:17,2
DA:18,2
DA:19,1
DA:20,1
DA:21,1
DA:22,1
DA:23,6
DA:24,6
DA:25,6
DA:26,6
DA:27,6
DA:28,4
DA:29,6
DA:30,1
DA:31,1
DA:32,6
DA:33,6
DA:34,6
DA:35,1
DA:36,1
DA:37,1
DA:38,1
LF:38
LH:38
BRDA:7,0,0,2
BRDA:11,1,0,4
BRDA:22,2,0,6
BRDA:27,3,0,4
BRDA:29,4,0,2
BRDA:29,5,0,1
BRF:6
BRH:6
end_of_record
TN:
SF:src/Ordenamiento/OrdenarPorTitulo.ts
FN:6,ordenar
FN:19,comparador
FNF:2
FNH:2
FNDA:2,ordenar
FNDA:6,comparador
DA:1,1
DA:2,1
DA:3,1
DA:4,1
DA:5,1
DA:6,1
DA:7,2
DA:8,2
DA:9,2
DA:10,2
DA:11,4
DA:12,2
DA:13,2
DA:14,2
DA:15,2
DA:16,2
DA:17,2
DA:18,1
DA:19,1
DA:20,6
DA:21,6
DA:22,6
DA:23,6
DA:24,4
DA:25,6
DA:26,2
DA:27,2
DA:28,6
DA:29,6
DA:30,1
DA:31,1
LF:31
LH:31
BRDA:6,0,0,2
BRDA:10,1,0,4
BRDA:19,2,0,6
BRDA:23,3,0,4
BRDA:25,4,0,2
BRF:5
BRH:5
end_of_record
TN:
SF:src/Tarea/Tarea.ts
FN:5,<instance_members_initializer>
FN:17,Tarea
FN:33,getId
FN:37,getTitulo
FN:41,getDescripcion
FN:45,getPorcentajeAvance
FN:49,getPrioridad
FN:53,getEtiquetas
FN:57,getEstadoTarea
FN:61,getFechaVencimiento
FN:66,setTitulo
FN:70,setDescripcion
FN:74,setPorcentajeAvance
FN:78,setPrioridad
FN:83,setEstadoTarea
FN:87,setFechaVencimiento
FN:95,setEtiquetas
FN:123,existeEtiqueta
FN:135,agregarEtiqueta
FN:145,eliminarEtiqueta
FN:160,actualizarPorcentajeAvance
FN:173,MarcarTareaComoCompleta
FNF:22
FNH:22
FNDA:4,<instance_members_initializer>
FNDA:4,Tarea
FNDA:4,getId
FNDA:2,getTitulo
FNDA:2,getDescripcion
FNDA:7,getPorcentajeAvance
FNDA:20,getPrioridad
FNDA:15,getEtiquetas
FNDA:6,getEstadoTarea
FNDA:14,getFechaVencimiento
FNDA:1,setTitulo
FNDA:1,setDescripcion
FNDA:5,setPorcentajeAvance
FNDA:3,setPrioridad
FNDA:1,setEstadoTarea
FNDA:3,setFechaVencimiento
FNDA:5,setEtiquetas
FNDA:25,existeEtiqueta
FNDA:11,agregarEtiqueta
FNDA:3,eliminarEtiqueta
FNDA:5,actualizarPorcentajeAvance
FNDA:5,MarcarTareaComoCompleta
DA:1,1
DA:2,1
DA:3,1
DA:4,1
DA:5,1
DA:6,4
DA:7,4
DA:8,4
DA:9,4
DA:10,4
DA:11,4
DA:12,4
DA:13,4
DA:14,4
DA:15,4
DA:16,4
DA:17,4
DA:18,4
DA:19,4
DA:20,4
DA:21,4
DA:22,4
DA:23,4
DA:24,4
DA:25,4
DA:26,4
DA:27,4
DA:28,4
DA:29,4
DA:30,4
DA:31,4
DA:32,4
DA:33,4
DA:34,4
DA:35,4
DA:36,4
DA:37,4
DA:38,2
DA:39,2
DA:40,4
DA:41,4
DA:42,2
DA:43,2
DA:44,4
DA:45,4
DA:46,7
DA:47,7
DA:48,4
DA:49,4
DA:50,20
DA:51,20
DA:52,4
DA:53,4
DA:54,15
DA:55,15
DA:56,4
DA:57,4
DA:58,6
DA:59,6
DA:60,4
DA:61,4
DA:62,14
DA:63,14
DA:64,4
DA:65,4
DA:66,4
DA:67,1
DA:68,1
DA:69,4
DA:70,4
DA:71,1
DA:72,1
DA:73,4
DA:74,4
DA:75,5
DA:76,5
DA:77,4
DA:78,4
DA:79,3
DA:80,3
DA:81,4
DA:82,4
DA:83,4
DA:84,1
DA:85,1
DA:86,4
DA:87,4
DA:88,3
DA:89,3
DA:90,4
DA:91,4
DA:92,4
DA:93,4
DA:94,4
DA:95,4
DA:96,5
DA:97,5
DA:98,5
DA:99,1
DA:100,1
DA:101,1
DA:102,5
DA:103,3
DA:104,3
DA:105,4
DA:106,1
DA:107,1
DA:108,2
DA:109,1
DA:110,1
DA:111,2
DA:112,1
DA:113,1
DA:114,5
DA:115,5
DA:116,4
DA:117,4
DA:118,4
DA:119,4
DA:120,4
DA:121,4
DA:122,4
DA:123,4
DA:124,25
DA:125,35
DA:126,4
DA:127,4
DA:128,35
DA:129,35
DA:130,21
DA:131,21
DA:132,21
DA:133,4
DA:134,4
DA:135,4
DA:136,11
DA:137,11
DA:138,11
DA:139,11
DA:140,4
DA:141,4
DA:142,4
DA:143,4
DA:144,4
DA:145,4
DA:146,3
DA:147,3
DA:148,3
DA:149,4
DA:150,4
DA:151,4
DA:152,4
DA:153,4
DA:154,4
DA:155,4
DA:156,4
DA:157,4
DA:158,4
DA:159,4
DA:160,4
DA:161,5
DA:162,5
DA:163,4
DA:164,4
DA:165,5
DA:166,1
DA:167,1
DA:168,5
DA:169,5
DA:170,4
DA:171,4
DA:172,4
DA:173,4
DA:174,5
DA:175,5
DA:176,2
DA:177,2
DA:178,5
DA:179,3
DA:180,3
DA:181,3
DA:182,5
DA:183,5
DA:184,4
DA:185,4
DA:186,4
DA:187,4
DA:188,4
DA:189,4
DA:190,4
DA:191,4
DA:192,4
DA:193,4
DA:194,4
DA:195,4
DA:196,4
DA:197,4
DA:198,4
DA:199,4
DA:200,4
DA:201,4
DA:202,4
DA:203,4
DA:204,4
DA:205,4
DA:206,4
DA:207,4
DA:208,4
LF:208
LH:208
BRDA:5,0,0,4
BRDA:17,1,0,4
BRDA:33,2,0,4
BRDA:37,3,0,2
BRDA:41,4,0,2
BRDA:45,5,0,7
BRDA:49,6,0,20
BRDA:53,7,0,15
BRDA:57,8,0,6
BRDA:61,9,0,14
BRDA:66,10,0,1
BRDA:70,11,0,1
BRDA:74,12,0,5
BRDA:78,13,0,3
BRDA:83,14,0,1
BRDA:87,15,0,3
BRDA:95,16,0,5
BRDA:98,17,0,1
BRDA:102,18,0,4
BRDA:102,19,0,3
BRDA:102,20,0,3
BRDA:105,21,0,1
BRDA:107,22,0,2
BRDA:108,23,0,1
BRDA:123,24,0,25
BRDA:124,25,0,35
BRDA:125,26,0,4
BRDA:130,27,0,21
BRDA:135,28,0,11
BRDA:145,29,0,3
BRDA:147,30,0,13
BRDA:160,31,0,5
BRDA:162,32,0,4
BRDA:165,33,0,1
BRDA:173,34,0,5
BRDA:175,35,0,2
BRDA:178,36,0,3
BRDA:178,37,0,2
BRDA:178,38,0,1
BRF:39
BRH:39
end_of_record
TN:
SF:src/Tarea/Enumeradores/EstadoTarea.ts
FNF:0
FNH:0
DA:1,1
DA:2,1
DA:3,1
DA:4,1
DA:5,1
DA:6,1
LF:6
LH:6
BRDA:1,0,0,1
BRF:1
BRH:1
end_of_record
TN:
SF:src/Tarea/Enumeradores/PrioridadTarea.ts
FNF:0
FNH:0
DA:1,1
DA:2,1
DA:3,1
DA:4,1
DA:5,1
DA:6,1
DA:7,1
LF:7
LH:7
BRDA:1,0,0,1
BRF:1
BRH:1
end_of_record
